<?xml version="1.0" encoding="UTF-8"?>
<testsuite xmlns:xsi="http://www.w3.org/2001/XMLSchema-instance" xsi:noNamespaceSchemaLocation="https://maven.apache.org/surefire/maven-surefire-plugin/xsd/surefire-test-report.xsd" name="team.project.dairymanagementsystem.DairymanagementsystemApplicationTests" time="35.172" tests="1" errors="1" skipped="0" failures="0">
  <properties>
[...]
</properties>
  <testcase name="contextLoads" classname="team.project.dairymanagementsystem.DairymanagementsystemApplicationTests" time="0.057">
    <error message="Failed to load ApplicationContext" type="java.lang.IllegalStateException">java.lang.IllegalStateException: Failed to load ApplicationContext
Caused by: java.lang.IllegalStateException: Failed to execute CommandLineRunner
Caused by: org.springframework.orm.jpa.JpaSystemException: could not execute statement; nested exception is org.hibernate.exception.GenericJDBCException: could not execute statement
Caused by: org.hibernate.exception.GenericJDBCException: could not execute statement
Caused by: java.sql.SQLException: Field 'id' doesn't have a default value
</error>
    <system-out><![CDATA[10:56:47.909 [main] DEBUG org.springframework.test.context.junit4.SpringJUnit4ClassRunner - SpringJUnit4ClassRunner constructor called with [class team.project.dairymanagementsystem.DairymanagementsystemApplicationTests]
10:56:47.941 [main] DEBUG org.springframework.test.context.BootstrapUtils - Instantiating CacheAwareContextLoaderDelegate from class [org.springframework.test.context.cache.DefaultCacheAwareContextLoaderDelegate]
10:56:47.964 [main] DEBUG org.springframework.test.context.BootstrapUtils - Instantiating BootstrapContext using constructor [public org.springframework.test.context.support.DefaultBootstrapContext(java.lang.Class,org.springframework.test.context.CacheAwareContextLoaderDelegate)]
10:56:48.044 [main] DEBUG org.springframework.test.context.BootstrapUtils - Instantiating TestContextBootstrapper for test class [team.project.dairymanagementsystem.DairymanagementsystemApplicationTests] from class [org.springframework.boot.test.context.SpringBootTestContextBootstrapper]
10:56:48.114 [main] INFO org.springframework.boot.test.context.SpringBootTestContextBootstrapper - Neither @ContextConfiguration nor @ContextHierarchy found for test class [team.project.dairymanagementsystem.DairymanagementsystemApplicationTests], using SpringBootContextLoader
10:56:48.139 [main] DEBUG org.springframework.test.context.support.AbstractContextLoader - Did not detect default resource location for test class [team.project.dairymanagementsystem.DairymanagementsystemApplicationTests]: class path resource [team/project/dairymanagementsystem/DairymanagementsystemApplicationTests-context.xml] does not exist
10:56:48.155 [main] DEBUG org.springframework.test.context.support.AbstractContextLoader - Did not detect default resource location for test class [team.project.dairymanagementsystem.DairymanagementsystemApplicationTests]: class path resource [team/project/dairymanagementsystem/DairymanagementsystemApplicationTestsContext.groovy] does not exist
10:56:48.158 [main] INFO org.springframework.test.context.support.AbstractContextLoader - Could not detect default resource locations for test class [team.project.dairymanagementsystem.DairymanagementsystemApplicationTests]: no resource found for suffixes {-context.xml, Context.groovy}.
10:56:48.162 [main] INFO org.springframework.test.context.support.AnnotationConfigContextLoaderUtils - Could not detect default configuration classes for test class [team.project.dairymanagementsystem.DairymanagementsystemApplicationTests]: DairymanagementsystemApplicationTests does not declare any static, non-private, non-final, nested classes annotated with @Configuration.
10:56:48.321 [main] DEBUG org.springframework.test.context.support.ActiveProfilesUtils - Could not find an 'annotation declaring class' for annotation type [org.springframework.test.context.ActiveProfiles] and class [team.project.dairymanagementsystem.DairymanagementsystemApplicationTests]
10:56:48.358 [main] DEBUG org.springframework.core.env.StandardEnvironment - Adding PropertySource 'systemProperties' with lowest search precedence
10:56:48.359 [main] DEBUG org.springframework.core.env.StandardEnvironment - Adding PropertySource 'systemEnvironment' with lowest search precedence
10:56:48.361 [main] DEBUG org.springframework.core.env.StandardEnvironment - Initialized StandardEnvironment with PropertySources [MapPropertySource@1089504328 {name='systemProperties', properties={java.runtime.name=OpenJDK Runtime Environment, sun.boot.library.path=/usr/lib/jvm/java-8-openjdk-amd64/jre/lib/amd64, java.vm.version=25.151-b12, java.vm.vendor=Oracle Corporation, java.vendor.url=http://java.oracle.com/, path.separator=:, java.vm.name=OpenJDK 64-Bit Server VM, file.encoding.pkg=sun.io, user.country=US, sun.java.launcher=SUN_STANDARD, sun.os.patch.level=unknown, java.vm.specification.name=Java Virtual Machine Specification, user.dir=/home/maxmilly/IdeaProjects/DairyManagementSystem, java.runtime.version=1.8.0_151-8u151-b12-0ubuntu0.16.04.2-b12, basedir=/home/maxmilly/IdeaProjects/DairyManagementSystem, java.awt.graphicsenv=sun.awt.X11GraphicsEnvironment, java.endorsed.dirs=/usr/lib/jvm/java-8-openjdk-amd64/jre/lib/endorsed, os.arch=amd64, surefire.real.class.path=/home/maxmilly/IdeaProjects/DairyManagementSystem/target/surefire/surefirebooter7981582204467398317.jar, java.io.tmpdir=/tmp, line.separator=
, java.vm.specification.vendor=Oracle Corporation, os.name=Linux, sun.jnu.encoding=UTF-8, java.library.path=/usr/java/packages/lib/amd64:/usr/lib/x86_64-linux-gnu/jni:/lib/x86_64-linux-gnu:/usr/lib/x86_64-linux-gnu:/usr/lib/jni:/lib:/usr/lib, surefire.test.class.path=/home/maxmilly/IdeaProjects/DairyManagementSystem/target/test-classes:/home/maxmilly/IdeaProjects/DairyManagementSystem/target/classes:/home/maxmilly/.m2/repository/org/springframework/boot/spring-boot-starter-data-jpa/2.0.2.RELEASE/spring-boot-starter-data-jpa-2.0.2.RELEASE.jar:/home/maxmilly/.m2/repository/org/springframework/boot/spring-boot-starter/2.0.2.RELEASE/spring-boot-starter-2.0.2.RELEASE.jar:/home/maxmilly/.m2/repository/org/springframework/boot/spring-boot-starter-logging/2.0.2.RELEASE/spring-boot-starter-logging-2.0.2.RELEASE.jar:/home/maxmilly/.m2/repository/ch/qos/logback/logback-classic/1.2.3/logback-classic-1.2.3.jar:/home/maxmilly/.m2/repository/ch/qos/logback/logback-core/1.2.3/logback-core-1.2.3.jar:/home/maxmilly/.m2/repository/org/apache/logging/log4j/log4j-to-slf4j/2.10.0/log4j-to-slf4j-2.10.0.jar:/home/maxmilly/.m2/repository/org/apache/logging/log4j/log4j-api/2.10.0/log4j-api-2.10.0.jar:/home/maxmilly/.m2/repository/org/slf4j/jul-to-slf4j/1.7.25/jul-to-slf4j-1.7.25.jar:/home/maxmilly/.m2/repository/javax/annotation/javax.annotation-api/1.3.2/javax.annotation-api-1.3.2.jar:/home/maxmilly/.m2/repository/org/yaml/snakeyaml/1.19/snakeyaml-1.19.jar:/home/maxmilly/.m2/repository/org/springframework/boot/spring-boot-starter-aop/2.0.2.RELEASE/spring-boot-starter-aop-2.0.2.RELEASE.jar:/home/maxmilly/.m2/repository/org/aspectj/aspectjweaver/1.8.13/aspectjweaver-1.8.13.jar:/home/maxmilly/.m2/repository/org/springframework/boot/spring-boot-starter-jdbc/2.0.2.RELEASE/spring-boot-starter-jdbc-2.0.2.RELEASE.jar:/home/maxmilly/.m2/repository/com/zaxxer/HikariCP/2.7.9/HikariCP-2.7.9.jar:/home/maxmilly/.m2/repository/org/springframework/spring-jdbc/5.0.6.RELEASE/spring-jdbc-5.0.6.RELEASE.jar:/home/maxmilly/.m2/repository/org/hibernate/hibernate-core/5.2.17.Final/hibernate-core-5.2.17.Final.jar:/home/maxmilly/.m2/repository/org/jboss/logging/jboss-logging/3.3.2.Final/jboss-logging-3.3.2.Final.jar:/home/maxmilly/.m2/repository/org/hibernate/javax/persistence/hibernate-jpa-2.1-api/1.0.0.Final/hibernate-jpa-2.1-api-1.0.0.Final.jar:/home/maxmilly/.m2/repository/org/javassist/javassist/3.22.0-GA/javassist-3.22.0-GA.jar:/home/maxmilly/.m2/repository/antlr/antlr/2.7.7/antlr-2.7.7.jar:/home/maxmilly/.m2/repository/org/jboss/jandex/2.0.3.Final/jandex-2.0.3.Final.jar:/home/maxmilly/.m2/repository/com/fasterxml/classmate/1.3.4/classmate-1.3.4.jar:/home/maxmilly/.m2/repository/dom4j/dom4j/1.6.1/dom4j-1.6.1.jar:/home/maxmilly/.m2/repository/org/hibernate/common/hibernate-commons-annotations/5.0.1.Final/hibernate-commons-annotations-5.0.1.Final.jar:/home/maxmilly/.m2/repository/javax/transaction/javax.transaction-api/1.2/javax.transaction-api-1.2.jar:/home/maxmilly/.m2/repository/org/springframework/data/spring-data-jpa/2.0.7.RELEASE/spring-data-jpa-2.0.7.RELEASE.jar:/home/maxmilly/.m2/repository/org/springframework/data/spring-data-commons/2.0.7.RELEASE/spring-data-commons-2.0.7.RELEASE.jar:/home/maxmilly/.m2/repository/org/springframework/spring-orm/5.0.6.RELEASE/spring-orm-5.0.6.RELEASE.jar:/home/maxmilly/.m2/repository/org/springframework/spring-context/5.0.6.RELEASE/spring-context-5.0.6.RELEASE.jar:/home/maxmilly/.m2/repository/org/springframework/spring-tx/5.0.6.RELEASE/spring-tx-5.0.6.RELEASE.jar:/home/maxmilly/.m2/repository/org/springframework/spring-beans/5.0.6.RELEASE/spring-beans-5.0.6.RELEASE.jar:/home/maxmilly/.m2/repository/org/slf4j/slf4j-api/1.7.25/slf4j-api-1.7.25.jar:/home/maxmilly/.m2/repository/org/springframework/spring-aspects/5.0.6.RELEASE/spring-aspects-5.0.6.RELEASE.jar:/home/maxmilly/.m2/repository/org/springframework/boot/spring-boot-starter-security/2.0.2.RELEASE/spring-boot-starter-security-2.0.2.RELEASE.jar:/home/maxmilly/.m2/repository/org/springframework/spring-aop/5.0.6.RELEASE/spring-aop-5.0.6.RELEASE.jar:/home/maxmilly/.m2/repository/org/springframework/security/spring-security-config/5.0.5.RELEASE/spring-security-config-5.0.5.RELEASE.jar:/home/maxmilly/.m2/repository/org/springframework/security/spring-security-web/5.0.5.RELEASE/spring-security-web-5.0.5.RELEASE.jar:/home/maxmilly/.m2/repository/org/springframework/spring-expression/5.0.6.RELEASE/spring-expression-5.0.6.RELEASE.jar:/home/maxmilly/.m2/repository/org/springframework/boot/spring-boot-starter-thymeleaf/2.0.2.RELEASE/spring-boot-starter-thymeleaf-2.0.2.RELEASE.jar:/home/maxmilly/.m2/repository/org/thymeleaf/thymeleaf-spring5/3.0.9.RELEASE/thymeleaf-spring5-3.0.9.RELEASE.jar:/home/maxmilly/.m2/repository/org/thymeleaf/thymeleaf/3.0.9.RELEASE/thymeleaf-3.0.9.RELEASE.jar:/home/maxmilly/.m2/repository/org/attoparser/attoparser/2.0.4.RELEASE/attoparser-2.0.4.RELEASE.jar:/home/maxmilly/.m2/repository/org/unbescape/unbescape/1.1.5.RELEASE/unbescape-1.1.5.RELEASE.jar:/home/maxmilly/.m2/repository/org/thymeleaf/extras/thymeleaf-extras-java8time/3.0.1.RELEASE/thymeleaf-extras-java8time-3.0.1.RELEASE.jar:/home/maxmilly/.m2/repository/org/springframework/boot/spring-boot-starter-web/2.0.2.RELEASE/spring-boot-starter-web-2.0.2.RELEASE.jar:/home/maxmilly/.m2/repository/org/springframework/boot/spring-boot-starter-json/2.0.2.RELEASE/spring-boot-starter-json-2.0.2.RELEASE.jar:/home/maxmilly/.m2/repository/com/fasterxml/jackson/core/jackson-databind/2.9.5/jackson-databind-2.9.5.jar:/home/maxmilly/.m2/repository/com/fasterxml/jackson/core/jackson-core/2.9.5/jackson-core-2.9.5.jar:/home/maxmilly/.m2/repository/com/fasterxml/jackson/datatype/jackson-datatype-jdk8/2.9.5/jackson-datatype-jdk8-2.9.5.jar:/home/maxmilly/.m2/repository/com/fasterxml/jackson/datatype/jackson-datatype-jsr310/2.9.5/jackson-datatype-jsr310-2.9.5.jar:/home/maxmilly/.m2/repository/com/fasterxml/jackson/module/jackson-module-parameter-names/2.9.5/jackson-module-parameter-names-2.9.5.jar:/home/maxmilly/.m2/repository/org/springframework/boot/spring-boot-starter-tomcat/2.0.2.RELEASE/spring-boot-starter-tomcat-2.0.2.RELEASE.jar:/home/maxmilly/.m2/repository/org/apache/tomcat/embed/tomcat-embed-core/8.5.31/tomcat-embed-core-8.5.31.jar:/home/maxmilly/.m2/repository/org/apache/tomcat/embed/tomcat-embed-el/8.5.31/tomcat-embed-el-8.5.31.jar:/home/maxmilly/.m2/repository/org/apache/tomcat/embed/tomcat-embed-websocket/8.5.31/tomcat-embed-websocket-8.5.31.jar:/home/maxmilly/.m2/repository/org/hibernate/validator/hibernate-validator/6.0.9.Final/hibernate-validator-6.0.9.Final.jar:/home/maxmilly/.m2/repository/javax/validation/validation-api/2.0.1.Final/validation-api-2.0.1.Final.jar:/home/maxmilly/.m2/repository/org/springframework/spring-web/5.0.6.RELEASE/spring-web-5.0.6.RELEASE.jar:/home/maxmilly/.m2/repository/org/springframework/spring-webmvc/5.0.6.RELEASE/spring-webmvc-5.0.6.RELEASE.jar:/home/maxmilly/.m2/repository/org/springframework/boot/spring-boot-starter-data-rest/2.0.2.RELEASE/spring-boot-starter-data-rest-2.0.2.RELEASE.jar:/home/maxmilly/.m2/repository/org/springframework/data/spring-data-rest-webmvc/3.0.7.RELEASE/spring-data-rest-webmvc-3.0.7.RELEASE.jar:/home/maxmilly/.m2/repository/org/springframework/data/spring-data-rest-core/3.0.7.RELEASE/spring-data-rest-core-3.0.7.RELEASE.jar:/home/maxmilly/.m2/repository/org/springframework/hateoas/spring-hateoas/0.24.0.RELEASE/spring-hateoas-0.24.0.RELEASE.jar:/home/maxmilly/.m2/repository/org/springframework/plugin/spring-plugin-core/1.2.0.RELEASE/spring-plugin-core-1.2.0.RELEASE.jar:/home/maxmilly/.m2/repository/org/atteo/evo-inflector/1.2.2/evo-inflector-1.2.2.jar:/home/maxmilly/.m2/repository/com/fasterxml/jackson/core/jackson-annotations/2.9.0/jackson-annotations-2.9.0.jar:/home/maxmilly/.m2/repository/org/springframework/boot/spring-boot-devtools/2.0.2.RELEASE/spring-boot-devtools-2.0.2.RELEASE.jar:/home/maxmilly/.m2/repository/org/springframework/boot/spring-boot/2.0.2.RELEASE/spring-boot-2.0.2.RELEASE.jar:/home/maxmilly/.m2/repository/org/springframework/boot/spring-boot-autoconfigure/2.0.2.RELEASE/spring-boot-autoconfigure-2.0.2.RELEASE.jar:/home/maxmilly/.m2/repository/mysql/mysql-connector-java/5.1.46/mysql-connector-java-5.1.46.jar:/home/maxmilly/.m2/repository/org/springframework/boot/spring-boot-starter-test/2.0.2.RELEASE/spring-boot-starter-test-2.0.2.RELEASE.jar:/home/maxmilly/.m2/repository/org/springframework/boot/spring-boot-test/2.0.2.RELEASE/spring-boot-test-2.0.2.RELEASE.jar:/home/maxmilly/.m2/repository/org/springframework/boot/spring-boot-test-autoconfigure/2.0.2.RELEASE/spring-boot-test-autoconfigure-2.0.2.RELEASE.jar:/home/maxmilly/.m2/repository/com/jayway/jsonpath/json-path/2.4.0/json-path-2.4.0.jar:/home/maxmilly/.m2/repository/net/minidev/json-smart/2.3/json-smart-2.3.jar:/home/maxmilly/.m2/repository/net/minidev/accessors-smart/1.2/accessors-smart-1.2.jar:/home/maxmilly/.m2/repository/org/ow2/asm/asm/5.0.4/asm-5.0.4.jar:/home/maxmilly/.m2/repository/junit/junit/4.12/junit-4.12.jar:/home/maxmilly/.m2/repository/org/assertj/assertj-core/3.9.1/assertj-core-3.9.1.jar:/home/maxmilly/.m2/repository/org/mockito/mockito-core/2.15.0/mockito-core-2.15.0.jar:/home/maxmilly/.m2/repository/net/bytebuddy/byte-buddy/1.7.11/byte-buddy-1.7.11.jar:/home/maxmilly/.m2/repository/net/bytebuddy/byte-buddy-agent/1.7.11/byte-buddy-agent-1.7.11.jar:/home/maxmilly/.m2/repository/org/objenesis/objenesis/2.6/objenesis-2.6.jar:/home/maxmilly/.m2/repository/org/hamcrest/hamcrest-core/1.3/hamcrest-core-1.3.jar:/home/maxmilly/.m2/repository/org/hamcrest/hamcrest-library/1.3/hamcrest-library-1.3.jar:/home/maxmilly/.m2/repository/org/skyscreamer/jsonassert/1.5.0/jsonassert-1.5.0.jar:/home/maxmilly/.m2/repository/com/vaadin/external/google/android-json/0.0.20131108.vaadin1/android-json-0.0.20131108.vaadin1.jar:/home/maxmilly/.m2/repository/org/springframework/spring-core/5.0.6.RELEASE/spring-core-5.0.6.RELEASE.jar:/home/maxmilly/.m2/repository/org/springframework/spring-jcl/5.0.6.RELEASE/spring-jcl-5.0.6.RELEASE.jar:/home/maxmilly/.m2/repository/org/springframework/spring-test/5.0.6.RELEASE/spring-test-5.0.6.RELEASE.jar:/home/maxmilly/.m2/repository/org/xmlunit/xmlunit-core/2.5.1/xmlunit-core-2.5.1.jar:/home/maxmilly/.m2/repository/net/sourceforge/nekohtml/nekohtml/1.9.21/nekohtml-1.9.21.jar:/home/maxmilly/.m2/repository/xerces/xercesImpl/2.10.0/xercesImpl-2.10.0.jar:/home/maxmilly/.m2/repository/xml-apis/xml-apis/1.4.01/xml-apis-1.4.01.jar:/home/maxmilly/.m2/repository/org/springframework/security/spring-security-test/5.0.5.RELEASE/spring-security-test-5.0.5.RELEASE.jar:/home/maxmilly/.m2/repository/org/springframework/security/spring-security-core/5.0.5.RELEASE/spring-security-core-5.0.5.RELEASE.jar:, java.specification.name=Java Platform API Specification, java.class.version=52.0, sun.management.compiler=HotSpot 64-Bit Tiered Compilers, os.version=4.4.0-109-generic, user.home=/home/maxmilly, user.timezone=Etc/UTC, java.awt.printerjob=sun.print.PSPrinterJob, file.encoding=UTF-8, java.specification.version=1.8, java.class.path=/home/maxmilly/IdeaProjects/DairyManagementSystem/target/test-classes:/home/maxmilly/IdeaProjects/DairyManagementSystem/target/classes:/home/maxmilly/.m2/repository/org/springframework/boot/spring-boot-starter-data-jpa/2.0.2.RELEASE/spring-boot-starter-data-jpa-2.0.2.RELEASE.jar:/home/maxmilly/.m2/repository/org/springframework/boot/spring-boot-starter/2.0.2.RELEASE/spring-boot-starter-2.0.2.RELEASE.jar:/home/maxmilly/.m2/repository/org/springframework/boot/spring-boot-starter-logging/2.0.2.RELEASE/spring-boot-starter-logging-2.0.2.RELEASE.jar:/home/maxmilly/.m2/repository/ch/qos/logback/logback-classic/1.2.3/logback-classic-1.2.3.jar:/home/maxmilly/.m2/repository/ch/qos/logback/logback-core/1.2.3/logback-core-1.2.3.jar:/home/maxmilly/.m2/repository/org/apache/logging/log4j/log4j-to-slf4j/2.10.0/log4j-to-slf4j-2.10.0.jar:/home/maxmilly/.m2/repository/org/apache/logging/log4j/log4j-api/2.10.0/log4j-api-2.10.0.jar:/home/maxmilly/.m2/repository/org/slf4j/jul-to-slf4j/1.7.25/jul-to-slf4j-1.7.25.jar:/home/maxmilly/.m2/repository/javax/annotation/javax.annotation-api/1.3.2/javax.annotation-api-1.3.2.jar:/home/maxmilly/.m2/repository/org/yaml/snakeyaml/1.19/snakeyaml-1.19.jar:/home/maxmilly/.m2/repository/org/springframework/boot/spring-boot-starter-aop/2.0.2.RELEASE/spring-boot-starter-aop-2.0.2.RELEASE.jar:/home/maxmilly/.m2/repository/org/aspectj/aspectjweaver/1.8.13/aspectjweaver-1.8.13.jar:/home/maxmilly/.m2/repository/org/springframework/boot/spring-boot-starter-jdbc/2.0.2.RELEASE/spring-boot-starter-jdbc-2.0.2.RELEASE.jar:/home/maxmilly/.m2/repository/com/zaxxer/HikariCP/2.7.9/HikariCP-2.7.9.jar:/home/maxmilly/.m2/repository/org/springframework/spring-jdbc/5.0.6.RELEASE/spring-jdbc-5.0.6.RELEASE.jar:/home/maxmilly/.m2/repository/org/hibernate/hibernate-core/5.2.17.Final/hibernate-core-5.2.17.Final.jar:/home/maxmilly/.m2/repository/org/jboss/logging/jboss-logging/3.3.2.Final/jboss-logging-3.3.2.Final.jar:/home/maxmilly/.m2/repository/org/hibernate/javax/persistence/hibernate-jpa-2.1-api/1.0.0.Final/hibernate-jpa-2.1-api-1.0.0.Final.jar:/home/maxmilly/.m2/repository/org/javassist/javassist/3.22.0-GA/javassist-3.22.0-GA.jar:/home/maxmilly/.m2/repository/antlr/antlr/2.7.7/antlr-2.7.7.jar:/home/maxmilly/.m2/repository/org/jboss/jandex/2.0.3.Final/jandex-2.0.3.Final.jar:/home/maxmilly/.m2/repository/com/fasterxml/classmate/1.3.4/classmate-1.3.4.jar:/home/maxmilly/.m2/repository/dom4j/dom4j/1.6.1/dom4j-1.6.1.jar:/home/maxmilly/.m2/repository/org/hibernate/common/hibernate-commons-annotations/5.0.1.Final/hibernate-commons-annotations-5.0.1.Final.jar:/home/maxmilly/.m2/repository/javax/transaction/javax.transaction-api/1.2/javax.transaction-api-1.2.jar:/home/maxmilly/.m2/repository/org/springframework/data/spring-data-jpa/2.0.7.RELEASE/spring-data-jpa-2.0.7.RELEASE.jar:/home/maxmilly/.m2/repository/org/springframework/data/spring-data-commons/2.0.7.RELEASE/spring-data-commons-2.0.7.RELEASE.jar:/home/maxmilly/.m2/repository/org/springframework/spring-orm/5.0.6.RELEASE/spring-orm-5.0.6.RELEASE.jar:/home/maxmilly/.m2/repository/org/springframework/spring-context/5.0.6.RELEASE/spring-context-5.0.6.RELEASE.jar:/home/maxmilly/.m2/repository/org/springframework/spring-tx/5.0.6.RELEASE/spring-tx-5.0.6.RELEASE.jar:/home/maxmilly/.m2/repository/org/springframework/spring-beans/5.0.6.RELEASE/spring-beans-5.0.6.RELEASE.jar:/home/maxmilly/.m2/repository/org/slf4j/slf4j-api/1.7.25/slf4j-api-1.7.25.jar:/home/maxmilly/.m2/repository/org/springframework/spring-aspects/5.0.6.RELEASE/spring-aspects-5.0.6.RELEASE.jar:/home/maxmilly/.m2/repository/org/springframework/boot/spring-boot-starter-security/2.0.2.RELEASE/spring-boot-starter-security-2.0.2.RELEASE.jar:/home/maxmilly/.m2/repository/org/springframework/spring-aop/5.0.6.RELEASE/spring-aop-5.0.6.RELEASE.jar:/home/maxmilly/.m2/repository/org/springframework/security/spring-security-config/5.0.5.RELEASE/spring-security-config-5.0.5.RELEASE.jar:/home/maxmilly/.m2/repository/org/springframework/security/spring-security-web/5.0.5.RELEASE/spring-security-web-5.0.5.RELEASE.jar:/home/maxmilly/.m2/repository/org/springframework/spring-expression/5.0.6.RELEASE/spring-expression-5.0.6.RELEASE.jar:/home/maxmilly/.m2/repository/org/springframework/boot/spring-boot-starter-thymeleaf/2.0.2.RELEASE/spring-boot-starter-thymeleaf-2.0.2.RELEASE.jar:/home/maxmilly/.m2/repository/org/thymeleaf/thymeleaf-spring5/3.0.9.RELEASE/thymeleaf-spring5-3.0.9.RELEASE.jar:/home/maxmilly/.m2/repository/org/thymeleaf/thymeleaf/3.0.9.RELEASE/thymeleaf-3.0.9.RELEASE.jar:/home/maxmilly/.m2/repository/org/attoparser/attoparser/2.0.4.RELEASE/attoparser-2.0.4.RELEASE.jar:/home/maxmilly/.m2/repository/org/unbescape/unbescape/1.1.5.RELEASE/unbescape-1.1.5.RELEASE.jar:/home/maxmilly/.m2/repository/org/thymeleaf/extras/thymeleaf-extras-java8time/3.0.1.RELEASE/thymeleaf-extras-java8time-3.0.1.RELEASE.jar:/home/maxmilly/.m2/repository/org/springframework/boot/spring-boot-starter-web/2.0.2.RELEASE/spring-boot-starter-web-2.0.2.RELEASE.jar:/home/maxmilly/.m2/repository/org/springframework/boot/spring-boot-starter-json/2.0.2.RELEASE/spring-boot-starter-json-2.0.2.RELEASE.jar:/home/maxmilly/.m2/repository/com/fasterxml/jackson/core/jackson-databind/2.9.5/jackson-databind-2.9.5.jar:/home/maxmilly/.m2/repository/com/fasterxml/jackson/core/jackson-core/2.9.5/jackson-core-2.9.5.jar:/home/maxmilly/.m2/repository/com/fasterxml/jackson/datatype/jackson-datatype-jdk8/2.9.5/jackson-datatype-jdk8-2.9.5.jar:/home/maxmilly/.m2/repository/com/fasterxml/jackson/datatype/jackson-datatype-jsr310/2.9.5/jackson-datatype-jsr310-2.9.5.jar:/home/maxmilly/.m2/repository/com/fasterxml/jackson/module/jackson-module-parameter-names/2.9.5/jackson-module-parameter-names-2.9.5.jar:/home/maxmilly/.m2/repository/org/springframework/boot/spring-boot-starter-tomcat/2.0.2.RELEASE/spring-boot-starter-tomcat-2.0.2.RELEASE.jar:/home/maxmilly/.m2/repository/org/apache/tomcat/embed/tomcat-embed-core/8.5.31/tomcat-embed-core-8.5.31.jar:/home/maxmilly/.m2/repository/org/apache/tomcat/embed/tomcat-embed-el/8.5.31/tomcat-embed-el-8.5.31.jar:/home/maxmilly/.m2/repository/org/apache/tomcat/embed/tomcat-embed-websocket/8.5.31/tomcat-embed-websocket-8.5.31.jar:/home/maxmilly/.m2/repository/org/hibernate/validator/hibernate-validator/6.0.9.Final/hibernate-validator-6.0.9.Final.jar:/home/maxmilly/.m2/repository/javax/validation/validation-api/2.0.1.Final/validation-api-2.0.1.Final.jar:/home/maxmilly/.m2/repository/org/springframework/spring-web/5.0.6.RELEASE/spring-web-5.0.6.RELEASE.jar:/home/maxmilly/.m2/repository/org/springframework/spring-webmvc/5.0.6.RELEASE/spring-webmvc-5.0.6.RELEASE.jar:/home/maxmilly/.m2/repository/org/springframework/boot/spring-boot-starter-data-rest/2.0.2.RELEASE/spring-boot-starter-data-rest-2.0.2.RELEASE.jar:/home/maxmilly/.m2/repository/org/springframework/data/spring-data-rest-webmvc/3.0.7.RELEASE/spring-data-rest-webmvc-3.0.7.RELEASE.jar:/home/maxmilly/.m2/repository/org/springframework/data/spring-data-rest-core/3.0.7.RELEASE/spring-data-rest-core-3.0.7.RELEASE.jar:/home/maxmilly/.m2/repository/org/springframework/hateoas/spring-hateoas/0.24.0.RELEASE/spring-hateoas-0.24.0.RELEASE.jar:/home/maxmilly/.m2/repository/org/springframework/plugin/spring-plugin-core/1.2.0.RELEASE/spring-plugin-core-1.2.0.RELEASE.jar:/home/maxmilly/.m2/repository/org/atteo/evo-inflector/1.2.2/evo-inflector-1.2.2.jar:/home/maxmilly/.m2/repository/com/fasterxml/jackson/core/jackson-annotations/2.9.0/jackson-annotations-2.9.0.jar:/home/maxmilly/.m2/repository/org/springframework/boot/spring-boot-devtools/2.0.2.RELEASE/spring-boot-devtools-2.0.2.RELEASE.jar:/home/maxmilly/.m2/repository/org/springframework/boot/spring-boot/2.0.2.RELEASE/spring-boot-2.0.2.RELEASE.jar:/home/maxmilly/.m2/repository/org/springframework/boot/spring-boot-autoconfigure/2.0.2.RELEASE/spring-boot-autoconfigure-2.0.2.RELEASE.jar:/home/maxmilly/.m2/repository/mysql/mysql-connector-java/5.1.46/mysql-connector-java-5.1.46.jar:/home/maxmilly/.m2/repository/org/springframework/boot/spring-boot-starter-test/2.0.2.RELEASE/spring-boot-starter-test-2.0.2.RELEASE.jar:/home/maxmilly/.m2/repository/org/springframework/boot/spring-boot-test/2.0.2.RELEASE/spring-boot-test-2.0.2.RELEASE.jar:/home/maxmilly/.m2/repository/org/springframework/boot/spring-boot-test-autoconfigure/2.0.2.RELEASE/spring-boot-test-autoconfigure-2.0.2.RELEASE.jar:/home/maxmilly/.m2/repository/com/jayway/jsonpath/json-path/2.4.0/json-path-2.4.0.jar:/home/maxmilly/.m2/repository/net/minidev/json-smart/2.3/json-smart-2.3.jar:/home/maxmilly/.m2/repository/net/minidev/accessors-smart/1.2/accessors-smart-1.2.jar:/home/maxmilly/.m2/repository/org/ow2/asm/asm/5.0.4/asm-5.0.4.jar:/home/maxmilly/.m2/repository/junit/junit/4.12/junit-4.12.jar:/home/maxmilly/.m2/repository/org/assertj/assertj-core/3.9.1/assertj-core-3.9.1.jar:/home/maxmilly/.m2/repository/org/mockito/mockito-core/2.15.0/mockito-core-2.15.0.jar:/home/maxmilly/.m2/repository/net/bytebuddy/byte-buddy/1.7.11/byte-buddy-1.7.11.jar:/home/maxmilly/.m2/repository/net/bytebuddy/byte-buddy-agent/1.7.11/byte-buddy-agent-1.7.11.jar:/home/maxmilly/.m2/repository/org/objenesis/objenesis/2.6/objenesis-2.6.jar:/home/maxmilly/.m2/repository/org/hamcrest/hamcrest-core/1.3/hamcrest-core-1.3.jar:/home/maxmilly/.m2/repository/org/hamcrest/hamcrest-library/1.3/hamcrest-library-1.3.jar:/home/maxmilly/.m2/repository/org/skyscreamer/jsonassert/1.5.0/jsonassert-1.5.0.jar:/home/maxmilly/.m2/repository/com/vaadin/external/google/android-json/0.0.20131108.vaadin1/android-json-0.0.20131108.vaadin1.jar:/home/maxmilly/.m2/repository/org/springframework/spring-core/5.0.6.RELEASE/spring-core-5.0.6.RELEASE.jar:/home/maxmilly/.m2/repository/org/springframework/spring-jcl/5.0.6.RELEASE/spring-jcl-5.0.6.RELEASE.jar:/home/maxmilly/.m2/repository/org/springframework/spring-test/5.0.6.RELEASE/spring-test-5.0.6.RELEASE.jar:/home/maxmilly/.m2/repository/org/xmlunit/xmlunit-core/2.5.1/xmlunit-core-2.5.1.jar:/home/maxmilly/.m2/repository/net/sourceforge/nekohtml/nekohtml/1.9.21/nekohtml-1.9.21.jar:/home/maxmilly/.m2/repository/xerces/xercesImpl/2.10.0/xercesImpl-2.10.0.jar:/home/maxmilly/.m2/repository/xml-apis/xml-apis/1.4.01/xml-apis-1.4.01.jar:/home/maxmilly/.m2/repository/org/springframework/security/spring-security-test/5.0.5.RELEASE/spring-security-test-5.0.5.RELEASE.jar:/home/maxmilly/.m2/repository/org/springframework/security/spring-security-core/5.0.5.RELEASE/spring-security-core-5.0.5.RELEASE.jar:, user.name=maxmilly, java.vm.specification.version=1.8, sun.java.command=/home/maxmilly/IdeaProjects/DairyManagementSystem/target/surefire/surefirebooter7981582204467398317.jar /home/maxmilly/IdeaProjects/DairyManagementSystem/target/surefire 2018-06-14T10-56-44_835-jvmRun1 surefire2671895274574403860tmp surefire_0489353691802777516tmp, java.home=/usr/lib/jvm/java-8-openjdk-amd64/jre, sun.arch.data.model=64, user.language=en, java.specification.vendor=Oracle Corporation, awt.toolkit=sun.awt.X11.XToolkit, java.vm.info=mixed mode, java.version=1.8.0_151, java.ext.dirs=/usr/lib/jvm/java-8-openjdk-amd64/jre/lib/ext:/usr/java/packages/lib/ext, sun.boot.class.path=/usr/lib/jvm/java-8-openjdk-amd64/jre/lib/resources.jar:/usr/lib/jvm/java-8-openjdk-amd64/jre/lib/rt.jar:/usr/lib/jvm/java-8-openjdk-amd64/jre/lib/sunrsasign.jar:/usr/lib/jvm/java-8-openjdk-amd64/jre/lib/jsse.jar:/usr/lib/jvm/java-8-openjdk-amd64/jre/lib/jce.jar:/usr/lib/jvm/java-8-openjdk-amd64/jre/lib/charsets.jar:/usr/lib/jvm/java-8-openjdk-amd64/jre/lib/jfr.jar:/usr/lib/jvm/java-8-openjdk-amd64/jre/classes, java.vendor=Oracle Corporation, localRepository=/home/maxmilly/.m2/repository, file.separator=/, java.vendor.url.bug=http://bugreport.sun.com/bugreport/, sun.io.unicode.encoding=UnicodeLittle, sun.cpu.endian=little, sun.desktop=gnome, sun.cpu.isalist=}}, SystemEnvironmentPropertySource@660879561 {name='systemEnvironment', properties={PATH=/home/maxmilly/.local/share/umake/bin:/home/maxmilly/bin:/home/maxmilly/.local/bin:/opt/maven/bin:/home/maxmilly/.local/share/umake/bin:/home/maxmilly/bin:/home/maxmilly/.local/bin:/opt/maven/bin:/usr/local/sbin:/usr/local/bin:/usr/sbin:/usr/bin:/sbin:/bin:/usr/games:/usr/local/games:/snap/bin, LC_MEASUREMENT=en_US.UTF-8, XAUTHORITY=/home/maxmilly/.Xauthority, NO_PROXY=localhost,127.0.0.0/8,::1, XMODIFIERS=@im=ibus, LC_TELEPHONE=en_US.UTF-8, XDG_DATA_DIRS=/usr/share/ubuntu:/usr/share/gnome:/usr/local/share:/usr/share:/var/lib/snapd/desktop:/var/lib/snapd/desktop, GDMSESSION=ubuntu, MANDATORY_PATH=/usr/share/gconf/ubuntu.mandatory.path, https_proxy=http://172.16.63.3:3128/, LC_TIME=en_US.UTF-8, PAPERSIZE=letter, GTK_IM_MODULE=ibus, DBUS_SESSION_BUS_ADDRESS=unix:abstract=/tmp/dbus-plYHci5tM2, DEFAULTS_PATH=/usr/share/gconf/ubuntu.default.path, XDG_CURRENT_DESKTOP=Unity, UPSTART_SESSION=unix:abstract=/com/ubuntu/upstart-session/1000/1458, QT4_IM_MODULE=xim, LC_PAPER=en_US.UTF-8, SESSION_MANAGER=local/maxmilly-Latitude-E5400:@/tmp/.ICE-unix/1767,unix/maxmilly-Latitude-E5400:/tmp/.ICE-unix/1767, QT_LINUX_ACCESSIBILITY_ALWAYS_ON=1, LOGNAME=maxmilly, JOB=unity-settings-daemon, PWD=/home/maxmilly/IdeaProjects/DairyManagementSystem, IM_CONFIG_PHASE=1, LANGUAGE=en_US, WINDOWID=65011718, SHELL=/bin/bash, LESSOPEN=| /usr/bin/lesspipe %s, FTP_PROXY=http://172.16.63.3:3128/, LC_ADDRESS=en_US.UTF-8, GTK2_MODULES=overlay-scrollbar, INSTANCE=, OLDPWD=/home/maxmilly/IdeaProjects/DairyManagementSystem, ALL_PROXY=socks://172.16.63.3:3128/, GNOME_DESKTOP_SESSION_ID=this-is-deprecated, UPSTART_INSTANCE=, GTK_MODULES=gail:atk-bridge:unity-gtk-module, CLUTTER_IM_MODULE=xim, XDG_SESSION_PATH=/org/freedesktop/DisplayManager/Session0, M2_HOME=/opt/maven, COMPIZ_BIN_PATH=/usr/bin/, SESSIONTYPE=gnome-session, LS_COLORS=rs=0:di=01;34:ln=01;36:mh=00:pi=40;33:so=01;35:do=01;35:bd=40;33;01:cd=40;33;01:or=40;31;01:mi=00:su=37;41:sg=30;43:ca=30;41:tw=30;42:ow=34;42:st=37;44:ex=01;32:*.tar=01;31:*.tgz=01;31:*.arc=01;31:*.arj=01;31:*.taz=01;31:*.lha=01;31:*.lz4=01;31:*.lzh=01;31:*.lzma=01;31:*.tlz=01;31:*.txz=01;31:*.tzo=01;31:*.t7z=01;31:*.zip=01;31:*.z=01;31:*.Z=01;31:*.dz=01;31:*.gz=01;31:*.lrz=01;31:*.lz=01;31:*.lzo=01;31:*.xz=01;31:*.bz2=01;31:*.bz=01;31:*.tbz=01;31:*.tbz2=01;31:*.tz=01;31:*.deb=01;31:*.rpm=01;31:*.jar=01;31:*.war=01;31:*.ear=01;31:*.sar=01;31:*.rar=01;31:*.alz=01;31:*.ace=01;31:*.zoo=01;31:*.cpio=01;31:*.7z=01;31:*.rz=01;31:*.cab=01;31:*.jpg=01;35:*.jpeg=01;35:*.gif=01;35:*.bmp=01;35:*.pbm=01;35:*.pgm=01;35:*.ppm=01;35:*.tga=01;35:*.xbm=01;35:*.xpm=01;35:*.tif=01;35:*.tiff=01;35:*.png=01;35:*.svg=01;35:*.svgz=01;35:*.mng=01;35:*.pcx=01;35:*.mov=01;35:*.mpg=01;35:*.mpeg=01;35:*.m2v=01;35:*.mkv=01;35:*.webm=01;35:*.ogm=01;35:*.mp4=01;35:*.m4v=01;35:*.mp4v=01;35:*.vob=01;35:*.qt=01;35:*.nuv=01;35:*.wmv=01;35:*.asf=01;35:*.rm=01;35:*.rmvb=01;35:*.flc=01;35:*.avi=01;35:*.fli=01;35:*.flv=01;35:*.gl=01;35:*.dl=01;35:*.xcf=01;35:*.xwd=01;35:*.yuv=01;35:*.cgm=01;35:*.emf=01;35:*.ogv=01;35:*.ogx=01;35:*.aac=00;36:*.au=00;36:*.flac=00;36:*.m4a=00;36:*.mid=00;36:*.midi=00;36:*.mka=00;36:*.mp3=00;36:*.mpc=00;36:*.ogg=00;36:*.ra=00;36:*.wav=00;36:*.oga=00;36:*.opus=00;36:*.spx=00;36:*.xspf=00;36:, XDG_SESSION_DESKTOP=ubuntu, SHLVL=1, LC_IDENTIFICATION=en_US.UTF-8, LESSCLOSE=/usr/bin/lesspipe %s %s, LC_MONETARY=en_US.UTF-8, COMPIZ_CONFIG_PROFILE=ubuntu, QT_IM_MODULE=ibus, UPSTART_JOB=unity7, JAVA_HOME=/usr/lib/jvm/java-8-openjdk-amd64, TERM=xterm-256color, HTTP_PROXY=http://172.16.63.3:3128/, XDG_CONFIG_DIRS=/etc/xdg/xdg-ubuntu:/usr/share/upstart/xdg:/etc/xdg, LANG=en_US.UTF-8, GNOME_KEYRING_CONTROL=, XDG_SEAT_PATH=/org/freedesktop/DisplayManager/Seat0, XDG_SESSION_ID=c2, XDG_SESSION_TYPE=x11, DISPLAY=:0, ftp_proxy=http://172.16.63.3:3128/, LIBVIRT_DEFAULT_URI=qemu:///system, HTTPS_PROXY=http://172.16.63.3:3128/, all_proxy=socks://172.16.63.3:3128/, LC_NAME=en_US.UTF-8, MAVEN_CMD_LINE_ARGS= clean install, _=/opt/maven/bin/mvn, http_proxy=http://172.16.63.3:3128/, no_proxy=localhost,127.0.0.0/8,::1, GDM_LANG=en_US, XDG_GREETER_DATA_DIR=/var/lib/lightdm-data/maxmilly, UPSTART_EVENTS=xsession started, GPG_AGENT_INFO=/home/maxmilly/.gnupg/S.gpg-agent:0:1, MAVEN_PROJECTBASEDIR=/home/maxmilly/IdeaProjects/DairyManagementSystem, DESKTOP_SESSION=ubuntu, SESSION=ubuntu, USER=maxmilly, XDG_MENU_PREFIX=gnome-, VTE_VERSION=4205, QT_ACCESSIBILITY=1, LC_NUMERIC=en_US.UTF-8, SSH_AUTH_SOCK=/run/user/1000/keyring/ssh, XDG_SEAT=seat0, QT_QPA_PLATFORMTHEME=appmenu-qt5, XDG_VTNR=7, XDG_RUNTIME_DIR=/run/user/1000, HOME=/home/maxmilly, GNOME_KEYRING_PID=}}]
10:56:48.471 [main] DEBUG org.springframework.core.io.support.PathMatchingResourcePatternResolver - Resolved classpath location [team/project/dairymanagementsystem/] to resources [URL [file:/home/maxmilly/IdeaProjects/DairyManagementSystem/target/test-classes/team/project/dairymanagementsystem/], URL [file:/home/maxmilly/IdeaProjects/DairyManagementSystem/target/classes/team/project/dairymanagementsystem/]]
10:56:48.476 [main] DEBUG org.springframework.core.io.support.PathMatchingResourcePatternResolver - Looking for matching resources in directory tree [/home/maxmilly/IdeaProjects/DairyManagementSystem/target/test-classes/team/project/dairymanagementsystem]
10:56:48.476 [main] DEBUG org.springframework.core.io.support.PathMatchingResourcePatternResolver - Searching directory [/home/maxmilly/IdeaProjects/DairyManagementSystem/target/test-classes/team/project/dairymanagementsystem] for files matching pattern [/home/maxmilly/IdeaProjects/DairyManagementSystem/target/test-classes/team/project/dairymanagementsystem/*.class]
10:56:48.491 [main] DEBUG org.springframework.core.io.support.PathMatchingResourcePatternResolver - Looking for matching resources in directory tree [/home/maxmilly/IdeaProjects/DairyManagementSystem/target/classes/team/project/dairymanagementsystem]
10:56:48.492 [main] DEBUG org.springframework.core.io.support.PathMatchingResourcePatternResolver - Searching directory [/home/maxmilly/IdeaProjects/DairyManagementSystem/target/classes/team/project/dairymanagementsystem] for files matching pattern [/home/maxmilly/IdeaProjects/DairyManagementSystem/target/classes/team/project/dairymanagementsystem/*.class]
10:56:48.506 [main] DEBUG org.springframework.core.io.support.PathMatchingResourcePatternResolver - Resolved location pattern [classpath*:team/project/dairymanagementsystem/*.class] to resources [file [/home/maxmilly/IdeaProjects/DairyManagementSystem/target/test-classes/team/project/dairymanagementsystem/DairymanagementsystemApplicationTests.class], file [/home/maxmilly/IdeaProjects/DairyManagementSystem/target/classes/team/project/dairymanagementsystem/DairymanagementsystemApplication.class]]
10:56:48.785 [main] DEBUG org.springframework.context.annotation.ClassPathScanningCandidateComponentProvider - Identified candidate component class: file [/home/maxmilly/IdeaProjects/DairyManagementSystem/target/classes/team/project/dairymanagementsystem/DairymanagementsystemApplication.class]
10:56:48.791 [main] INFO org.springframework.boot.test.context.SpringBootTestContextBootstrapper - Found @SpringBootConfiguration team.project.dairymanagementsystem.DairymanagementsystemApplication for test class team.project.dairymanagementsystem.DairymanagementsystemApplicationTests
10:56:49.251 [main] DEBUG org.springframework.boot.test.context.SpringBootTestContextBootstrapper - @TestExecutionListeners is not present for class [team.project.dairymanagementsystem.DairymanagementsystemApplicationTests]: using defaults.
10:56:49.254 [main] INFO org.springframework.boot.test.context.SpringBootTestContextBootstrapper - Loaded default TestExecutionListener class names from location [META-INF/spring.factories]: [org.springframework.boot.test.mock.mockito.MockitoTestExecutionListener, org.springframework.boot.test.mock.mockito.ResetMocksTestExecutionListener, org.springframework.boot.test.autoconfigure.restdocs.RestDocsTestExecutionListener, org.springframework.boot.test.autoconfigure.web.client.MockRestServiceServerResetTestExecutionListener, org.springframework.boot.test.autoconfigure.web.servlet.MockMvcPrintOnlyOnFailureTestExecutionListener, org.springframework.boot.test.autoconfigure.web.servlet.WebDriverTestExecutionListener, org.springframework.test.context.web.ServletTestExecutionListener, org.springframework.test.context.support.DirtiesContextBeforeModesTestExecutionListener, org.springframework.test.context.support.DependencyInjectionTestExecutionListener, org.springframework.test.context.support.DirtiesContextTestExecutionListener, org.springframework.test.context.transaction.TransactionalTestExecutionListener, org.springframework.test.context.jdbc.SqlScriptsTestExecutionListener, org.springframework.security.test.context.support.WithSecurityContextTestExecutionListener, org.springframework.security.test.context.support.ReactorContextTestExecutionListener]
10:56:49.388 [main] INFO org.springframework.boot.test.context.SpringBootTestContextBootstrapper - Using TestExecutionListeners: [org.springframework.test.context.web.ServletTestExecutionListener@4d1c00d0, org.springframework.test.context.support.DirtiesContextBeforeModesTestExecutionListener@4b2bac3f, org.springframework.boot.test.mock.mockito.MockitoTestExecutionListener@4e08711f, org.springframework.boot.test.autoconfigure.SpringBootDependencyInjectionTestExecutionListener@bcec361, org.springframework.test.context.support.DirtiesContextTestExecutionListener@26794848, org.springframework.test.context.transaction.TransactionalTestExecutionListener@302552ec, org.springframework.test.context.jdbc.SqlScriptsTestExecutionListener@3d285d7e, org.springframework.security.test.context.support.WithSecurityContextTestExecutionListener@40005471, org.springframework.security.test.context.support.ReactorContextTestExecutionListener@2cd76f31, org.springframework.boot.test.mock.mockito.ResetMocksTestExecutionListener@367ffa75, org.springframework.boot.test.autoconfigure.restdocs.RestDocsTestExecutionListener@49438269, org.springframework.boot.test.autoconfigure.web.client.MockRestServiceServerResetTestExecutionListener@ba2f4ec, org.springframework.boot.test.autoconfigure.web.servlet.MockMvcPrintOnlyOnFailureTestExecutionListener@1c1bbc4e, org.springframework.boot.test.autoconfigure.web.servlet.WebDriverTestExecutionListener@55fe41ea]
10:56:49.406 [main] DEBUG org.springframework.test.annotation.ProfileValueUtils - Retrieved @ProfileValueSourceConfiguration [null] for test class [team.project.dairymanagementsystem.DairymanagementsystemApplicationTests]
10:56:49.408 [main] DEBUG org.springframework.test.annotation.ProfileValueUtils - Retrieved ProfileValueSource type [class org.springframework.test.annotation.SystemProfileValueSource] for class [team.project.dairymanagementsystem.DairymanagementsystemApplicationTests]
10:56:49.412 [main] DEBUG org.springframework.test.annotation.ProfileValueUtils - Retrieved @ProfileValueSourceConfiguration [null] for test class [team.project.dairymanagementsystem.DairymanagementsystemApplicationTests]
10:56:49.412 [main] DEBUG org.springframework.test.annotation.ProfileValueUtils - Retrieved ProfileValueSource type [class org.springframework.test.annotation.SystemProfileValueSource] for class [team.project.dairymanagementsystem.DairymanagementsystemApplicationTests]
10:56:49.414 [main] DEBUG org.springframework.test.annotation.ProfileValueUtils - Retrieved @ProfileValueSourceConfiguration [null] for test class [team.project.dairymanagementsystem.DairymanagementsystemApplicationTests]
10:56:49.414 [main] DEBUG org.springframework.test.annotation.ProfileValueUtils - Retrieved ProfileValueSource type [class org.springframework.test.annotation.SystemProfileValueSource] for class [team.project.dairymanagementsystem.DairymanagementsystemApplicationTests]
10:56:49.435 [main] DEBUG org.springframework.test.context.support.AbstractDirtiesContextTestExecutionListener - Before test class: context [DefaultTestContext@41a2befb testClass = DairymanagementsystemApplicationTests, testInstance = [null], testMethod = [null], testException = [null], mergedContextConfiguration = [WebMergedContextConfiguration@6c40365c testClass = DairymanagementsystemApplicationTests, locations = '{}', classes = '{class team.project.dairymanagementsystem.DairymanagementsystemApplication}', contextInitializerClasses = '[]', activeProfiles = '{}', propertySourceLocations = '{}', propertySourceProperties = '{org.springframework.boot.test.context.SpringBootTestContextBootstrapper=true}', contextCustomizers = set[org.springframework.boot.test.context.filter.ExcludeFilterContextCustomizer@10a035a0, org.springframework.boot.test.json.DuplicateJsonObjectContextCustomizerFactory$DuplicateJsonObjectContextCustomizer@5c072e3f, org.springframework.boot.test.mock.mockito.MockitoContextCustomizer@0, org.springframework.boot.test.web.client.TestRestTemplateContextCustomizer@b3d7190, org.springframework.boot.test.autoconfigure.properties.PropertyMappingContextCustomizer@0, org.springframework.boot.test.autoconfigure.web.servlet.WebDriverContextCustomizerFactory$Customizer@61ca2dfa], resourceBasePath = 'src/main/webapp', contextLoader = 'org.springframework.boot.test.context.SpringBootContextLoader', parent = [null]], attributes = map['org.springframework.test.context.web.ServletTestExecutionListener.activateListener' -> true]], class annotated with @DirtiesContext [false] with mode [null].
10:56:49.438 [main] DEBUG org.springframework.test.annotation.ProfileValueUtils - Retrieved @ProfileValueSourceConfiguration [null] for test class [team.project.dairymanagementsystem.DairymanagementsystemApplicationTests]
10:56:49.438 [main] DEBUG org.springframework.test.annotation.ProfileValueUtils - Retrieved ProfileValueSource type [class org.springframework.test.annotation.SystemProfileValueSource] for class [team.project.dairymanagementsystem.DairymanagementsystemApplicationTests]
10:56:49.544 [main] DEBUG org.springframework.core.env.StandardEnvironment - Adding PropertySource 'systemProperties' with lowest search precedence
10:56:49.545 [main] DEBUG org.springframework.core.env.StandardEnvironment - Adding PropertySource 'systemEnvironment' with lowest search precedence
10:56:49.547 [main] DEBUG org.springframework.core.env.StandardEnvironment - Initialized StandardEnvironment with PropertySources [MapPropertySource@1648001170 {name='systemProperties', properties={java.runtime.name=OpenJDK Runtime Environment, sun.boot.library.path=/usr/lib/jvm/java-8-openjdk-amd64/jre/lib/amd64, java.vm.version=25.151-b12, java.vm.vendor=Oracle Corporation, java.vendor.url=http://java.oracle.com/, path.separator=:, java.vm.name=OpenJDK 64-Bit Server VM, file.encoding.pkg=sun.io, user.country=US, sun.java.launcher=SUN_STANDARD, sun.os.patch.level=unknown, java.vm.specification.name=Java Virtual Machine Specification, user.dir=/home/maxmilly/IdeaProjects/DairyManagementSystem, java.runtime.version=1.8.0_151-8u151-b12-0ubuntu0.16.04.2-b12, basedir=/home/maxmilly/IdeaProjects/DairyManagementSystem, java.awt.graphicsenv=sun.awt.X11GraphicsEnvironment, java.endorsed.dirs=/usr/lib/jvm/java-8-openjdk-amd64/jre/lib/endorsed, os.arch=amd64, surefire.real.class.path=/home/maxmilly/IdeaProjects/DairyManagementSystem/target/surefire/surefirebooter7981582204467398317.jar, java.io.tmpdir=/tmp, line.separator=
, java.vm.specification.vendor=Oracle Corporation, os.name=Linux, sun.jnu.encoding=UTF-8, java.library.path=/usr/java/packages/lib/amd64:/usr/lib/x86_64-linux-gnu/jni:/lib/x86_64-linux-gnu:/usr/lib/x86_64-linux-gnu:/usr/lib/jni:/lib:/usr/lib, surefire.test.class.path=/home/maxmilly/IdeaProjects/DairyManagementSystem/target/test-classes:/home/maxmilly/IdeaProjects/DairyManagementSystem/target/classes:/home/maxmilly/.m2/repository/org/springframework/boot/spring-boot-starter-data-jpa/2.0.2.RELEASE/spring-boot-starter-data-jpa-2.0.2.RELEASE.jar:/home/maxmilly/.m2/repository/org/springframework/boot/spring-boot-starter/2.0.2.RELEASE/spring-boot-starter-2.0.2.RELEASE.jar:/home/maxmilly/.m2/repository/org/springframework/boot/spring-boot-starter-logging/2.0.2.RELEASE/spring-boot-starter-logging-2.0.2.RELEASE.jar:/home/maxmilly/.m2/repository/ch/qos/logback/logback-classic/1.2.3/logback-classic-1.2.3.jar:/home/maxmilly/.m2/repository/ch/qos/logback/logback-core/1.2.3/logback-core-1.2.3.jar:/home/maxmilly/.m2/repository/org/apache/logging/log4j/log4j-to-slf4j/2.10.0/log4j-to-slf4j-2.10.0.jar:/home/maxmilly/.m2/repository/org/apache/logging/log4j/log4j-api/2.10.0/log4j-api-2.10.0.jar:/home/maxmilly/.m2/repository/org/slf4j/jul-to-slf4j/1.7.25/jul-to-slf4j-1.7.25.jar:/home/maxmilly/.m2/repository/javax/annotation/javax.annotation-api/1.3.2/javax.annotation-api-1.3.2.jar:/home/maxmilly/.m2/repository/org/yaml/snakeyaml/1.19/snakeyaml-1.19.jar:/home/maxmilly/.m2/repository/org/springframework/boot/spring-boot-starter-aop/2.0.2.RELEASE/spring-boot-starter-aop-2.0.2.RELEASE.jar:/home/maxmilly/.m2/repository/org/aspectj/aspectjweaver/1.8.13/aspectjweaver-1.8.13.jar:/home/maxmilly/.m2/repository/org/springframework/boot/spring-boot-starter-jdbc/2.0.2.RELEASE/spring-boot-starter-jdbc-2.0.2.RELEASE.jar:/home/maxmilly/.m2/repository/com/zaxxer/HikariCP/2.7.9/HikariCP-2.7.9.jar:/home/maxmilly/.m2/repository/org/springframework/spring-jdbc/5.0.6.RELEASE/spring-jdbc-5.0.6.RELEASE.jar:/home/maxmilly/.m2/repository/org/hibernate/hibernate-core/5.2.17.Final/hibernate-core-5.2.17.Final.jar:/home/maxmilly/.m2/repository/org/jboss/logging/jboss-logging/3.3.2.Final/jboss-logging-3.3.2.Final.jar:/home/maxmilly/.m2/repository/org/hibernate/javax/persistence/hibernate-jpa-2.1-api/1.0.0.Final/hibernate-jpa-2.1-api-1.0.0.Final.jar:/home/maxmilly/.m2/repository/org/javassist/javassist/3.22.0-GA/javassist-3.22.0-GA.jar:/home/maxmilly/.m2/repository/antlr/antlr/2.7.7/antlr-2.7.7.jar:/home/maxmilly/.m2/repository/org/jboss/jandex/2.0.3.Final/jandex-2.0.3.Final.jar:/home/maxmilly/.m2/repository/com/fasterxml/classmate/1.3.4/classmate-1.3.4.jar:/home/maxmilly/.m2/repository/dom4j/dom4j/1.6.1/dom4j-1.6.1.jar:/home/maxmilly/.m2/repository/org/hibernate/common/hibernate-commons-annotations/5.0.1.Final/hibernate-commons-annotations-5.0.1.Final.jar:/home/maxmilly/.m2/repository/javax/transaction/javax.transaction-api/1.2/javax.transaction-api-1.2.jar:/home/maxmilly/.m2/repository/org/springframework/data/spring-data-jpa/2.0.7.RELEASE/spring-data-jpa-2.0.7.RELEASE.jar:/home/maxmilly/.m2/repository/org/springframework/data/spring-data-commons/2.0.7.RELEASE/spring-data-commons-2.0.7.RELEASE.jar:/home/maxmilly/.m2/repository/org/springframework/spring-orm/5.0.6.RELEASE/spring-orm-5.0.6.RELEASE.jar:/home/maxmilly/.m2/repository/org/springframework/spring-context/5.0.6.RELEASE/spring-context-5.0.6.RELEASE.jar:/home/maxmilly/.m2/repository/org/springframework/spring-tx/5.0.6.RELEASE/spring-tx-5.0.6.RELEASE.jar:/home/maxmilly/.m2/repository/org/springframework/spring-beans/5.0.6.RELEASE/spring-beans-5.0.6.RELEASE.jar:/home/maxmilly/.m2/repository/org/slf4j/slf4j-api/1.7.25/slf4j-api-1.7.25.jar:/home/maxmilly/.m2/repository/org/springframework/spring-aspects/5.0.6.RELEASE/spring-aspects-5.0.6.RELEASE.jar:/home/maxmilly/.m2/repository/org/springframework/boot/spring-boot-starter-security/2.0.2.RELEASE/spring-boot-starter-security-2.0.2.RELEASE.jar:/home/maxmilly/.m2/repository/org/springframework/spring-aop/5.0.6.RELEASE/spring-aop-5.0.6.RELEASE.jar:/home/maxmilly/.m2/repository/org/springframework/security/spring-security-config/5.0.5.RELEASE/spring-security-config-5.0.5.RELEASE.jar:/home/maxmilly/.m2/repository/org/springframework/security/spring-security-web/5.0.5.RELEASE/spring-security-web-5.0.5.RELEASE.jar:/home/maxmilly/.m2/repository/org/springframework/spring-expression/5.0.6.RELEASE/spring-expression-5.0.6.RELEASE.jar:/home/maxmilly/.m2/repository/org/springframework/boot/spring-boot-starter-thymeleaf/2.0.2.RELEASE/spring-boot-starter-thymeleaf-2.0.2.RELEASE.jar:/home/maxmilly/.m2/repository/org/thymeleaf/thymeleaf-spring5/3.0.9.RELEASE/thymeleaf-spring5-3.0.9.RELEASE.jar:/home/maxmilly/.m2/repository/org/thymeleaf/thymeleaf/3.0.9.RELEASE/thymeleaf-3.0.9.RELEASE.jar:/home/maxmilly/.m2/repository/org/attoparser/attoparser/2.0.4.RELEASE/attoparser-2.0.4.RELEASE.jar:/home/maxmilly/.m2/repository/org/unbescape/unbescape/1.1.5.RELEASE/unbescape-1.1.5.RELEASE.jar:/home/maxmilly/.m2/repository/org/thymeleaf/extras/thymeleaf-extras-java8time/3.0.1.RELEASE/thymeleaf-extras-java8time-3.0.1.RELEASE.jar:/home/maxmilly/.m2/repository/org/springframework/boot/spring-boot-starter-web/2.0.2.RELEASE/spring-boot-starter-web-2.0.2.RELEASE.jar:/home/maxmilly/.m2/repository/org/springframework/boot/spring-boot-starter-json/2.0.2.RELEASE/spring-boot-starter-json-2.0.2.RELEASE.jar:/home/maxmilly/.m2/repository/com/fasterxml/jackson/core/jackson-databind/2.9.5/jackson-databind-2.9.5.jar:/home/maxmilly/.m2/repository/com/fasterxml/jackson/core/jackson-core/2.9.5/jackson-core-2.9.5.jar:/home/maxmilly/.m2/repository/com/fasterxml/jackson/datatype/jackson-datatype-jdk8/2.9.5/jackson-datatype-jdk8-2.9.5.jar:/home/maxmilly/.m2/repository/com/fasterxml/jackson/datatype/jackson-datatype-jsr310/2.9.5/jackson-datatype-jsr310-2.9.5.jar:/home/maxmilly/.m2/repository/com/fasterxml/jackson/module/jackson-module-parameter-names/2.9.5/jackson-module-parameter-names-2.9.5.jar:/home/maxmilly/.m2/repository/org/springframework/boot/spring-boot-starter-tomcat/2.0.2.RELEASE/spring-boot-starter-tomcat-2.0.2.RELEASE.jar:/home/maxmilly/.m2/repository/org/apache/tomcat/embed/tomcat-embed-core/8.5.31/tomcat-embed-core-8.5.31.jar:/home/maxmilly/.m2/repository/org/apache/tomcat/embed/tomcat-embed-el/8.5.31/tomcat-embed-el-8.5.31.jar:/home/maxmilly/.m2/repository/org/apache/tomcat/embed/tomcat-embed-websocket/8.5.31/tomcat-embed-websocket-8.5.31.jar:/home/maxmilly/.m2/repository/org/hibernate/validator/hibernate-validator/6.0.9.Final/hibernate-validator-6.0.9.Final.jar:/home/maxmilly/.m2/repository/javax/validation/validation-api/2.0.1.Final/validation-api-2.0.1.Final.jar:/home/maxmilly/.m2/repository/org/springframework/spring-web/5.0.6.RELEASE/spring-web-5.0.6.RELEASE.jar:/home/maxmilly/.m2/repository/org/springframework/spring-webmvc/5.0.6.RELEASE/spring-webmvc-5.0.6.RELEASE.jar:/home/maxmilly/.m2/repository/org/springframework/boot/spring-boot-starter-data-rest/2.0.2.RELEASE/spring-boot-starter-data-rest-2.0.2.RELEASE.jar:/home/maxmilly/.m2/repository/org/springframework/data/spring-data-rest-webmvc/3.0.7.RELEASE/spring-data-rest-webmvc-3.0.7.RELEASE.jar:/home/maxmilly/.m2/repository/org/springframework/data/spring-data-rest-core/3.0.7.RELEASE/spring-data-rest-core-3.0.7.RELEASE.jar:/home/maxmilly/.m2/repository/org/springframework/hateoas/spring-hateoas/0.24.0.RELEASE/spring-hateoas-0.24.0.RELEASE.jar:/home/maxmilly/.m2/repository/org/springframework/plugin/spring-plugin-core/1.2.0.RELEASE/spring-plugin-core-1.2.0.RELEASE.jar:/home/maxmilly/.m2/repository/org/atteo/evo-inflector/1.2.2/evo-inflector-1.2.2.jar:/home/maxmilly/.m2/repository/com/fasterxml/jackson/core/jackson-annotations/2.9.0/jackson-annotations-2.9.0.jar:/home/maxmilly/.m2/repository/org/springframework/boot/spring-boot-devtools/2.0.2.RELEASE/spring-boot-devtools-2.0.2.RELEASE.jar:/home/maxmilly/.m2/repository/org/springframework/boot/spring-boot/2.0.2.RELEASE/spring-boot-2.0.2.RELEASE.jar:/home/maxmilly/.m2/repository/org/springframework/boot/spring-boot-autoconfigure/2.0.2.RELEASE/spring-boot-autoconfigure-2.0.2.RELEASE.jar:/home/maxmilly/.m2/repository/mysql/mysql-connector-java/5.1.46/mysql-connector-java-5.1.46.jar:/home/maxmilly/.m2/repository/org/springframework/boot/spring-boot-starter-test/2.0.2.RELEASE/spring-boot-starter-test-2.0.2.RELEASE.jar:/home/maxmilly/.m2/repository/org/springframework/boot/spring-boot-test/2.0.2.RELEASE/spring-boot-test-2.0.2.RELEASE.jar:/home/maxmilly/.m2/repository/org/springframework/boot/spring-boot-test-autoconfigure/2.0.2.RELEASE/spring-boot-test-autoconfigure-2.0.2.RELEASE.jar:/home/maxmilly/.m2/repository/com/jayway/jsonpath/json-path/2.4.0/json-path-2.4.0.jar:/home/maxmilly/.m2/repository/net/minidev/json-smart/2.3/json-smart-2.3.jar:/home/maxmilly/.m2/repository/net/minidev/accessors-smart/1.2/accessors-smart-1.2.jar:/home/maxmilly/.m2/repository/org/ow2/asm/asm/5.0.4/asm-5.0.4.jar:/home/maxmilly/.m2/repository/junit/junit/4.12/junit-4.12.jar:/home/maxmilly/.m2/repository/org/assertj/assertj-core/3.9.1/assertj-core-3.9.1.jar:/home/maxmilly/.m2/repository/org/mockito/mockito-core/2.15.0/mockito-core-2.15.0.jar:/home/maxmilly/.m2/repository/net/bytebuddy/byte-buddy/1.7.11/byte-buddy-1.7.11.jar:/home/maxmilly/.m2/repository/net/bytebuddy/byte-buddy-agent/1.7.11/byte-buddy-agent-1.7.11.jar:/home/maxmilly/.m2/repository/org/objenesis/objenesis/2.6/objenesis-2.6.jar:/home/maxmilly/.m2/repository/org/hamcrest/hamcrest-core/1.3/hamcrest-core-1.3.jar:/home/maxmilly/.m2/repository/org/hamcrest/hamcrest-library/1.3/hamcrest-library-1.3.jar:/home/maxmilly/.m2/repository/org/skyscreamer/jsonassert/1.5.0/jsonassert-1.5.0.jar:/home/maxmilly/.m2/repository/com/vaadin/external/google/android-json/0.0.20131108.vaadin1/android-json-0.0.20131108.vaadin1.jar:/home/maxmilly/.m2/repository/org/springframework/spring-core/5.0.6.RELEASE/spring-core-5.0.6.RELEASE.jar:/home/maxmilly/.m2/repository/org/springframework/spring-jcl/5.0.6.RELEASE/spring-jcl-5.0.6.RELEASE.jar:/home/maxmilly/.m2/repository/org/springframework/spring-test/5.0.6.RELEASE/spring-test-5.0.6.RELEASE.jar:/home/maxmilly/.m2/repository/org/xmlunit/xmlunit-core/2.5.1/xmlunit-core-2.5.1.jar:/home/maxmilly/.m2/repository/net/sourceforge/nekohtml/nekohtml/1.9.21/nekohtml-1.9.21.jar:/home/maxmilly/.m2/repository/xerces/xercesImpl/2.10.0/xercesImpl-2.10.0.jar:/home/maxmilly/.m2/repository/xml-apis/xml-apis/1.4.01/xml-apis-1.4.01.jar:/home/maxmilly/.m2/repository/org/springframework/security/spring-security-test/5.0.5.RELEASE/spring-security-test-5.0.5.RELEASE.jar:/home/maxmilly/.m2/repository/org/springframework/security/spring-security-core/5.0.5.RELEASE/spring-security-core-5.0.5.RELEASE.jar:, java.specification.name=Java Platform API Specification, java.class.version=52.0, sun.management.compiler=HotSpot 64-Bit Tiered Compilers, os.version=4.4.0-109-generic, user.home=/home/maxmilly, user.timezone=Etc/UTC, java.awt.printerjob=sun.print.PSPrinterJob, file.encoding=UTF-8, java.specification.version=1.8, java.class.path=/home/maxmilly/IdeaProjects/DairyManagementSystem/target/test-classes:/home/maxmilly/IdeaProjects/DairyManagementSystem/target/classes:/home/maxmilly/.m2/repository/org/springframework/boot/spring-boot-starter-data-jpa/2.0.2.RELEASE/spring-boot-starter-data-jpa-2.0.2.RELEASE.jar:/home/maxmilly/.m2/repository/org/springframework/boot/spring-boot-starter/2.0.2.RELEASE/spring-boot-starter-2.0.2.RELEASE.jar:/home/maxmilly/.m2/repository/org/springframework/boot/spring-boot-starter-logging/2.0.2.RELEASE/spring-boot-starter-logging-2.0.2.RELEASE.jar:/home/maxmilly/.m2/repository/ch/qos/logback/logback-classic/1.2.3/logback-classic-1.2.3.jar:/home/maxmilly/.m2/repository/ch/qos/logback/logback-core/1.2.3/logback-core-1.2.3.jar:/home/maxmilly/.m2/repository/org/apache/logging/log4j/log4j-to-slf4j/2.10.0/log4j-to-slf4j-2.10.0.jar:/home/maxmilly/.m2/repository/org/apache/logging/log4j/log4j-api/2.10.0/log4j-api-2.10.0.jar:/home/maxmilly/.m2/repository/org/slf4j/jul-to-slf4j/1.7.25/jul-to-slf4j-1.7.25.jar:/home/maxmilly/.m2/repository/javax/annotation/javax.annotation-api/1.3.2/javax.annotation-api-1.3.2.jar:/home/maxmilly/.m2/repository/org/yaml/snakeyaml/1.19/snakeyaml-1.19.jar:/home/maxmilly/.m2/repository/org/springframework/boot/spring-boot-starter-aop/2.0.2.RELEASE/spring-boot-starter-aop-2.0.2.RELEASE.jar:/home/maxmilly/.m2/repository/org/aspectj/aspectjweaver/1.8.13/aspectjweaver-1.8.13.jar:/home/maxmilly/.m2/repository/org/springframework/boot/spring-boot-starter-jdbc/2.0.2.RELEASE/spring-boot-starter-jdbc-2.0.2.RELEASE.jar:/home/maxmilly/.m2/repository/com/zaxxer/HikariCP/2.7.9/HikariCP-2.7.9.jar:/home/maxmilly/.m2/repository/org/springframework/spring-jdbc/5.0.6.RELEASE/spring-jdbc-5.0.6.RELEASE.jar:/home/maxmilly/.m2/repository/org/hibernate/hibernate-core/5.2.17.Final/hibernate-core-5.2.17.Final.jar:/home/maxmilly/.m2/repository/org/jboss/logging/jboss-logging/3.3.2.Final/jboss-logging-3.3.2.Final.jar:/home/maxmilly/.m2/repository/org/hibernate/javax/persistence/hibernate-jpa-2.1-api/1.0.0.Final/hibernate-jpa-2.1-api-1.0.0.Final.jar:/home/maxmilly/.m2/repository/org/javassist/javassist/3.22.0-GA/javassist-3.22.0-GA.jar:/home/maxmilly/.m2/repository/antlr/antlr/2.7.7/antlr-2.7.7.jar:/home/maxmilly/.m2/repository/org/jboss/jandex/2.0.3.Final/jandex-2.0.3.Final.jar:/home/maxmilly/.m2/repository/com/fasterxml/classmate/1.3.4/classmate-1.3.4.jar:/home/maxmilly/.m2/repository/dom4j/dom4j/1.6.1/dom4j-1.6.1.jar:/home/maxmilly/.m2/repository/org/hibernate/common/hibernate-commons-annotations/5.0.1.Final/hibernate-commons-annotations-5.0.1.Final.jar:/home/maxmilly/.m2/repository/javax/transaction/javax.transaction-api/1.2/javax.transaction-api-1.2.jar:/home/maxmilly/.m2/repository/org/springframework/data/spring-data-jpa/2.0.7.RELEASE/spring-data-jpa-2.0.7.RELEASE.jar:/home/maxmilly/.m2/repository/org/springframework/data/spring-data-commons/2.0.7.RELEASE/spring-data-commons-2.0.7.RELEASE.jar:/home/maxmilly/.m2/repository/org/springframework/spring-orm/5.0.6.RELEASE/spring-orm-5.0.6.RELEASE.jar:/home/maxmilly/.m2/repository/org/springframework/spring-context/5.0.6.RELEASE/spring-context-5.0.6.RELEASE.jar:/home/maxmilly/.m2/repository/org/springframework/spring-tx/5.0.6.RELEASE/spring-tx-5.0.6.RELEASE.jar:/home/maxmilly/.m2/repository/org/springframework/spring-beans/5.0.6.RELEASE/spring-beans-5.0.6.RELEASE.jar:/home/maxmilly/.m2/repository/org/slf4j/slf4j-api/1.7.25/slf4j-api-1.7.25.jar:/home/maxmilly/.m2/repository/org/springframework/spring-aspects/5.0.6.RELEASE/spring-aspects-5.0.6.RELEASE.jar:/home/maxmilly/.m2/repository/org/springframework/boot/spring-boot-starter-security/2.0.2.RELEASE/spring-boot-starter-security-2.0.2.RELEASE.jar:/home/maxmilly/.m2/repository/org/springframework/spring-aop/5.0.6.RELEASE/spring-aop-5.0.6.RELEASE.jar:/home/maxmilly/.m2/repository/org/springframework/security/spring-security-config/5.0.5.RELEASE/spring-security-config-5.0.5.RELEASE.jar:/home/maxmilly/.m2/repository/org/springframework/security/spring-security-web/5.0.5.RELEASE/spring-security-web-5.0.5.RELEASE.jar:/home/maxmilly/.m2/repository/org/springframework/spring-expression/5.0.6.RELEASE/spring-expression-5.0.6.RELEASE.jar:/home/maxmilly/.m2/repository/org/springframework/boot/spring-boot-starter-thymeleaf/2.0.2.RELEASE/spring-boot-starter-thymeleaf-2.0.2.RELEASE.jar:/home/maxmilly/.m2/repository/org/thymeleaf/thymeleaf-spring5/3.0.9.RELEASE/thymeleaf-spring5-3.0.9.RELEASE.jar:/home/maxmilly/.m2/repository/org/thymeleaf/thymeleaf/3.0.9.RELEASE/thymeleaf-3.0.9.RELEASE.jar:/home/maxmilly/.m2/repository/org/attoparser/attoparser/2.0.4.RELEASE/attoparser-2.0.4.RELEASE.jar:/home/maxmilly/.m2/repository/org/unbescape/unbescape/1.1.5.RELEASE/unbescape-1.1.5.RELEASE.jar:/home/maxmilly/.m2/repository/org/thymeleaf/extras/thymeleaf-extras-java8time/3.0.1.RELEASE/thymeleaf-extras-java8time-3.0.1.RELEASE.jar:/home/maxmilly/.m2/repository/org/springframework/boot/spring-boot-starter-web/2.0.2.RELEASE/spring-boot-starter-web-2.0.2.RELEASE.jar:/home/maxmilly/.m2/repository/org/springframework/boot/spring-boot-starter-json/2.0.2.RELEASE/spring-boot-starter-json-2.0.2.RELEASE.jar:/home/maxmilly/.m2/repository/com/fasterxml/jackson/core/jackson-databind/2.9.5/jackson-databind-2.9.5.jar:/home/maxmilly/.m2/repository/com/fasterxml/jackson/core/jackson-core/2.9.5/jackson-core-2.9.5.jar:/home/maxmilly/.m2/repository/com/fasterxml/jackson/datatype/jackson-datatype-jdk8/2.9.5/jackson-datatype-jdk8-2.9.5.jar:/home/maxmilly/.m2/repository/com/fasterxml/jackson/datatype/jackson-datatype-jsr310/2.9.5/jackson-datatype-jsr310-2.9.5.jar:/home/maxmilly/.m2/repository/com/fasterxml/jackson/module/jackson-module-parameter-names/2.9.5/jackson-module-parameter-names-2.9.5.jar:/home/maxmilly/.m2/repository/org/springframework/boot/spring-boot-starter-tomcat/2.0.2.RELEASE/spring-boot-starter-tomcat-2.0.2.RELEASE.jar:/home/maxmilly/.m2/repository/org/apache/tomcat/embed/tomcat-embed-core/8.5.31/tomcat-embed-core-8.5.31.jar:/home/maxmilly/.m2/repository/org/apache/tomcat/embed/tomcat-embed-el/8.5.31/tomcat-embed-el-8.5.31.jar:/home/maxmilly/.m2/repository/org/apache/tomcat/embed/tomcat-embed-websocket/8.5.31/tomcat-embed-websocket-8.5.31.jar:/home/maxmilly/.m2/repository/org/hibernate/validator/hibernate-validator/6.0.9.Final/hibernate-validator-6.0.9.Final.jar:/home/maxmilly/.m2/repository/javax/validation/validation-api/2.0.1.Final/validation-api-2.0.1.Final.jar:/home/maxmilly/.m2/repository/org/springframework/spring-web/5.0.6.RELEASE/spring-web-5.0.6.RELEASE.jar:/home/maxmilly/.m2/repository/org/springframework/spring-webmvc/5.0.6.RELEASE/spring-webmvc-5.0.6.RELEASE.jar:/home/maxmilly/.m2/repository/org/springframework/boot/spring-boot-starter-data-rest/2.0.2.RELEASE/spring-boot-starter-data-rest-2.0.2.RELEASE.jar:/home/maxmilly/.m2/repository/org/springframework/data/spring-data-rest-webmvc/3.0.7.RELEASE/spring-data-rest-webmvc-3.0.7.RELEASE.jar:/home/maxmilly/.m2/repository/org/springframework/data/spring-data-rest-core/3.0.7.RELEASE/spring-data-rest-core-3.0.7.RELEASE.jar:/home/maxmilly/.m2/repository/org/springframework/hateoas/spring-hateoas/0.24.0.RELEASE/spring-hateoas-0.24.0.RELEASE.jar:/home/maxmilly/.m2/repository/org/springframework/plugin/spring-plugin-core/1.2.0.RELEASE/spring-plugin-core-1.2.0.RELEASE.jar:/home/maxmilly/.m2/repository/org/atteo/evo-inflector/1.2.2/evo-inflector-1.2.2.jar:/home/maxmilly/.m2/repository/com/fasterxml/jackson/core/jackson-annotations/2.9.0/jackson-annotations-2.9.0.jar:/home/maxmilly/.m2/repository/org/springframework/boot/spring-boot-devtools/2.0.2.RELEASE/spring-boot-devtools-2.0.2.RELEASE.jar:/home/maxmilly/.m2/repository/org/springframework/boot/spring-boot/2.0.2.RELEASE/spring-boot-2.0.2.RELEASE.jar:/home/maxmilly/.m2/repository/org/springframework/boot/spring-boot-autoconfigure/2.0.2.RELEASE/spring-boot-autoconfigure-2.0.2.RELEASE.jar:/home/maxmilly/.m2/repository/mysql/mysql-connector-java/5.1.46/mysql-connector-java-5.1.46.jar:/home/maxmilly/.m2/repository/org/springframework/boot/spring-boot-starter-test/2.0.2.RELEASE/spring-boot-starter-test-2.0.2.RELEASE.jar:/home/maxmilly/.m2/repository/org/springframework/boot/spring-boot-test/2.0.2.RELEASE/spring-boot-test-2.0.2.RELEASE.jar:/home/maxmilly/.m2/repository/org/springframework/boot/spring-boot-test-autoconfigure/2.0.2.RELEASE/spring-boot-test-autoconfigure-2.0.2.RELEASE.jar:/home/maxmilly/.m2/repository/com/jayway/jsonpath/json-path/2.4.0/json-path-2.4.0.jar:/home/maxmilly/.m2/repository/net/minidev/json-smart/2.3/json-smart-2.3.jar:/home/maxmilly/.m2/repository/net/minidev/accessors-smart/1.2/accessors-smart-1.2.jar:/home/maxmilly/.m2/repository/org/ow2/asm/asm/5.0.4/asm-5.0.4.jar:/home/maxmilly/.m2/repository/junit/junit/4.12/junit-4.12.jar:/home/maxmilly/.m2/repository/org/assertj/assertj-core/3.9.1/assertj-core-3.9.1.jar:/home/maxmilly/.m2/repository/org/mockito/mockito-core/2.15.0/mockito-core-2.15.0.jar:/home/maxmilly/.m2/repository/net/bytebuddy/byte-buddy/1.7.11/byte-buddy-1.7.11.jar:/home/maxmilly/.m2/repository/net/bytebuddy/byte-buddy-agent/1.7.11/byte-buddy-agent-1.7.11.jar:/home/maxmilly/.m2/repository/org/objenesis/objenesis/2.6/objenesis-2.6.jar:/home/maxmilly/.m2/repository/org/hamcrest/hamcrest-core/1.3/hamcrest-core-1.3.jar:/home/maxmilly/.m2/repository/org/hamcrest/hamcrest-library/1.3/hamcrest-library-1.3.jar:/home/maxmilly/.m2/repository/org/skyscreamer/jsonassert/1.5.0/jsonassert-1.5.0.jar:/home/maxmilly/.m2/repository/com/vaadin/external/google/android-json/0.0.20131108.vaadin1/android-json-0.0.20131108.vaadin1.jar:/home/maxmilly/.m2/repository/org/springframework/spring-core/5.0.6.RELEASE/spring-core-5.0.6.RELEASE.jar:/home/maxmilly/.m2/repository/org/springframework/spring-jcl/5.0.6.RELEASE/spring-jcl-5.0.6.RELEASE.jar:/home/maxmilly/.m2/repository/org/springframework/spring-test/5.0.6.RELEASE/spring-test-5.0.6.RELEASE.jar:/home/maxmilly/.m2/repository/org/xmlunit/xmlunit-core/2.5.1/xmlunit-core-2.5.1.jar:/home/maxmilly/.m2/repository/net/sourceforge/nekohtml/nekohtml/1.9.21/nekohtml-1.9.21.jar:/home/maxmilly/.m2/repository/xerces/xercesImpl/2.10.0/xercesImpl-2.10.0.jar:/home/maxmilly/.m2/repository/xml-apis/xml-apis/1.4.01/xml-apis-1.4.01.jar:/home/maxmilly/.m2/repository/org/springframework/security/spring-security-test/5.0.5.RELEASE/spring-security-test-5.0.5.RELEASE.jar:/home/maxmilly/.m2/repository/org/springframework/security/spring-security-core/5.0.5.RELEASE/spring-security-core-5.0.5.RELEASE.jar:, user.name=maxmilly, java.vm.specification.version=1.8, sun.java.command=/home/maxmilly/IdeaProjects/DairyManagementSystem/target/surefire/surefirebooter7981582204467398317.jar /home/maxmilly/IdeaProjects/DairyManagementSystem/target/surefire 2018-06-14T10-56-44_835-jvmRun1 surefire2671895274574403860tmp surefire_0489353691802777516tmp, java.home=/usr/lib/jvm/java-8-openjdk-amd64/jre, sun.arch.data.model=64, user.language=en, java.specification.vendor=Oracle Corporation, awt.toolkit=sun.awt.X11.XToolkit, java.vm.info=mixed mode, java.version=1.8.0_151, java.ext.dirs=/usr/lib/jvm/java-8-openjdk-amd64/jre/lib/ext:/usr/java/packages/lib/ext, sun.boot.class.path=/usr/lib/jvm/java-8-openjdk-amd64/jre/lib/resources.jar:/usr/lib/jvm/java-8-openjdk-amd64/jre/lib/rt.jar:/usr/lib/jvm/java-8-openjdk-amd64/jre/lib/sunrsasign.jar:/usr/lib/jvm/java-8-openjdk-amd64/jre/lib/jsse.jar:/usr/lib/jvm/java-8-openjdk-amd64/jre/lib/jce.jar:/usr/lib/jvm/java-8-openjdk-amd64/jre/lib/charsets.jar:/usr/lib/jvm/java-8-openjdk-amd64/jre/lib/jfr.jar:/usr/lib/jvm/java-8-openjdk-amd64/jre/classes, java.vendor=Oracle Corporation, localRepository=/home/maxmilly/.m2/repository, file.separator=/, java.vendor.url.bug=http://bugreport.sun.com/bugreport/, sun.io.unicode.encoding=UnicodeLittle, sun.cpu.endian=little, sun.desktop=gnome, sun.cpu.isalist=}}, SystemEnvironmentPropertySource@169663597 {name='systemEnvironment', properties={PATH=/home/maxmilly/.local/share/umake/bin:/home/maxmilly/bin:/home/maxmilly/.local/bin:/opt/maven/bin:/home/maxmilly/.local/share/umake/bin:/home/maxmilly/bin:/home/maxmilly/.local/bin:/opt/maven/bin:/usr/local/sbin:/usr/local/bin:/usr/sbin:/usr/bin:/sbin:/bin:/usr/games:/usr/local/games:/snap/bin, LC_MEASUREMENT=en_US.UTF-8, XAUTHORITY=/home/maxmilly/.Xauthority, NO_PROXY=localhost,127.0.0.0/8,::1, XMODIFIERS=@im=ibus, LC_TELEPHONE=en_US.UTF-8, XDG_DATA_DIRS=/usr/share/ubuntu:/usr/share/gnome:/usr/local/share:/usr/share:/var/lib/snapd/desktop:/var/lib/snapd/desktop, GDMSESSION=ubuntu, MANDATORY_PATH=/usr/share/gconf/ubuntu.mandatory.path, https_proxy=http://172.16.63.3:3128/, LC_TIME=en_US.UTF-8, PAPERSIZE=letter, GTK_IM_MODULE=ibus, DBUS_SESSION_BUS_ADDRESS=unix:abstract=/tmp/dbus-plYHci5tM2, DEFAULTS_PATH=/usr/share/gconf/ubuntu.default.path, XDG_CURRENT_DESKTOP=Unity, UPSTART_SESSION=unix:abstract=/com/ubuntu/upstart-session/1000/1458, QT4_IM_MODULE=xim, LC_PAPER=en_US.UTF-8, SESSION_MANAGER=local/maxmilly-Latitude-E5400:@/tmp/.ICE-unix/1767,unix/maxmilly-Latitude-E5400:/tmp/.ICE-unix/1767, QT_LINUX_ACCESSIBILITY_ALWAYS_ON=1, LOGNAME=maxmilly, JOB=unity-settings-daemon, PWD=/home/maxmilly/IdeaProjects/DairyManagementSystem, IM_CONFIG_PHASE=1, LANGUAGE=en_US, WINDOWID=65011718, SHELL=/bin/bash, LESSOPEN=| /usr/bin/lesspipe %s, FTP_PROXY=http://172.16.63.3:3128/, LC_ADDRESS=en_US.UTF-8, GTK2_MODULES=overlay-scrollbar, INSTANCE=, OLDPWD=/home/maxmilly/IdeaProjects/DairyManagementSystem, ALL_PROXY=socks://172.16.63.3:3128/, GNOME_DESKTOP_SESSION_ID=this-is-deprecated, UPSTART_INSTANCE=, GTK_MODULES=gail:atk-bridge:unity-gtk-module, CLUTTER_IM_MODULE=xim, XDG_SESSION_PATH=/org/freedesktop/DisplayManager/Session0, M2_HOME=/opt/maven, COMPIZ_BIN_PATH=/usr/bin/, SESSIONTYPE=gnome-session, LS_COLORS=rs=0:di=01;34:ln=01;36:mh=00:pi=40;33:so=01;35:do=01;35:bd=40;33;01:cd=40;33;01:or=40;31;01:mi=00:su=37;41:sg=30;43:ca=30;41:tw=30;42:ow=34;42:st=37;44:ex=01;32:*.tar=01;31:*.tgz=01;31:*.arc=01;31:*.arj=01;31:*.taz=01;31:*.lha=01;31:*.lz4=01;31:*.lzh=01;31:*.lzma=01;31:*.tlz=01;31:*.txz=01;31:*.tzo=01;31:*.t7z=01;31:*.zip=01;31:*.z=01;31:*.Z=01;31:*.dz=01;31:*.gz=01;31:*.lrz=01;31:*.lz=01;31:*.lzo=01;31:*.xz=01;31:*.bz2=01;31:*.bz=01;31:*.tbz=01;31:*.tbz2=01;31:*.tz=01;31:*.deb=01;31:*.rpm=01;31:*.jar=01;31:*.war=01;31:*.ear=01;31:*.sar=01;31:*.rar=01;31:*.alz=01;31:*.ace=01;31:*.zoo=01;31:*.cpio=01;31:*.7z=01;31:*.rz=01;31:*.cab=01;31:*.jpg=01;35:*.jpeg=01;35:*.gif=01;35:*.bmp=01;35:*.pbm=01;35:*.pgm=01;35:*.ppm=01;35:*.tga=01;35:*.xbm=01;35:*.xpm=01;35:*.tif=01;35:*.tiff=01;35:*.png=01;35:*.svg=01;35:*.svgz=01;35:*.mng=01;35:*.pcx=01;35:*.mov=01;35:*.mpg=01;35:*.mpeg=01;35:*.m2v=01;35:*.mkv=01;35:*.webm=01;35:*.ogm=01;35:*.mp4=01;35:*.m4v=01;35:*.mp4v=01;35:*.vob=01;35:*.qt=01;35:*.nuv=01;35:*.wmv=01;35:*.asf=01;35:*.rm=01;35:*.rmvb=01;35:*.flc=01;35:*.avi=01;35:*.fli=01;35:*.flv=01;35:*.gl=01;35:*.dl=01;35:*.xcf=01;35:*.xwd=01;35:*.yuv=01;35:*.cgm=01;35:*.emf=01;35:*.ogv=01;35:*.ogx=01;35:*.aac=00;36:*.au=00;36:*.flac=00;36:*.m4a=00;36:*.mid=00;36:*.midi=00;36:*.mka=00;36:*.mp3=00;36:*.mpc=00;36:*.ogg=00;36:*.ra=00;36:*.wav=00;36:*.oga=00;36:*.opus=00;36:*.spx=00;36:*.xspf=00;36:, XDG_SESSION_DESKTOP=ubuntu, SHLVL=1, LC_IDENTIFICATION=en_US.UTF-8, LESSCLOSE=/usr/bin/lesspipe %s %s, LC_MONETARY=en_US.UTF-8, COMPIZ_CONFIG_PROFILE=ubuntu, QT_IM_MODULE=ibus, UPSTART_JOB=unity7, JAVA_HOME=/usr/lib/jvm/java-8-openjdk-amd64, TERM=xterm-256color, HTTP_PROXY=http://172.16.63.3:3128/, XDG_CONFIG_DIRS=/etc/xdg/xdg-ubuntu:/usr/share/upstart/xdg:/etc/xdg, LANG=en_US.UTF-8, GNOME_KEYRING_CONTROL=, XDG_SEAT_PATH=/org/freedesktop/DisplayManager/Seat0, XDG_SESSION_ID=c2, XDG_SESSION_TYPE=x11, DISPLAY=:0, ftp_proxy=http://172.16.63.3:3128/, LIBVIRT_DEFAULT_URI=qemu:///system, HTTPS_PROXY=http://172.16.63.3:3128/, all_proxy=socks://172.16.63.3:3128/, LC_NAME=en_US.UTF-8, MAVEN_CMD_LINE_ARGS= clean install, _=/opt/maven/bin/mvn, http_proxy=http://172.16.63.3:3128/, no_proxy=localhost,127.0.0.0/8,::1, GDM_LANG=en_US, XDG_GREETER_DATA_DIR=/var/lib/lightdm-data/maxmilly, UPSTART_EVENTS=xsession started, GPG_AGENT_INFO=/home/maxmilly/.gnupg/S.gpg-agent:0:1, MAVEN_PROJECTBASEDIR=/home/maxmilly/IdeaProjects/DairyManagementSystem, DESKTOP_SESSION=ubuntu, SESSION=ubuntu, USER=maxmilly, XDG_MENU_PREFIX=gnome-, VTE_VERSION=4205, QT_ACCESSIBILITY=1, LC_NUMERIC=en_US.UTF-8, SSH_AUTH_SOCK=/run/user/1000/keyring/ssh, XDG_SEAT=seat0, QT_QPA_PLATFORMTHEME=appmenu-qt5, XDG_VTNR=7, XDG_RUNTIME_DIR=/run/user/1000, HOME=/home/maxmilly, GNOME_KEYRING_PID=}}]
10:56:49.575 [main] DEBUG org.springframework.test.context.support.TestPropertySourceUtils - Adding inlined properties to environment: {spring.jmx.enabled=false, org.springframework.boot.test.context.SpringBootTestContextBootstrapper=true, server.port=-1}
10:56:49.576 [main] DEBUG org.springframework.core.env.StandardEnvironment - Adding PropertySource 'Inlined Test Properties' with highest search precedence

  .   ____          _            __ _ _
 /\\ / ___'_ __ _ _(_)_ __  __ _ \ \ \ \
( ( )\___ | '_ | '_| | '_ \/ _` | \ \ \ \
 \\/  ___)| |_)| | | | | || (_| |  ) ) ) )
  '  |____| .__|_| |_|_| |_\__, | / / / /
 =========|_|==============|___/=/_/_/_/
 :: Spring Boot ::        (v2.0.2.RELEASE)

2018-06-14 10:56:51.861  INFO 18707 --- [           main] .d.DairymanagementsystemApplicationTests : Starting DairymanagementsystemApplicationTests on maxmilly-Latitude-E5400 with PID 18707 (started by maxmilly in /home/maxmilly/IdeaProjects/DairyManagementSystem)
2018-06-14 10:56:51.872  INFO 18707 --- [           main] .d.DairymanagementsystemApplicationTests : No active profile set, falling back to default profiles: default
2018-06-14 10:56:52.165  INFO 18707 --- [           main] o.s.w.c.s.GenericWebApplicationContext   : Refreshing org.springframework.web.context.support.GenericWebApplicationContext@35b74c5c: startup date [Thu Jun 14 10:56:52 UTC 2018]; root of context hierarchy
2018-06-14 10:56:56.965  INFO 18707 --- [           main] o.s.b.f.s.DefaultListableBeanFactory     : Overriding bean definition for bean 'httpRequestHandlerAdapter' with a different definition: replacing [Root bean: class [null]; scope=; abstract=false; lazyInit=false; autowireMode=3; dependencyCheck=0; autowireCandidate=true; primary=false; factoryBeanName=org.springframework.boot.autoconfigure.web.servlet.WebMvcAutoConfiguration$EnableWebMvcConfiguration; factoryMethodName=httpRequestHandlerAdapter; initMethodName=null; destroyMethodName=(inferred); defined in class path resource [org/springframework/boot/autoconfigure/web/servlet/WebMvcAutoConfiguration$EnableWebMvcConfiguration.class]] with [Root bean: class [null]; scope=; abstract=false; lazyInit=false; autowireMode=3; dependencyCheck=0; autowireCandidate=true; primary=false; factoryBeanName=org.springframework.data.rest.webmvc.config.RepositoryRestMvcConfiguration; factoryMethodName=httpRequestHandlerAdapter; initMethodName=null; destroyMethodName=(inferred); defined in class path resource [org/springframework/data/rest/webmvc/config/RepositoryRestMvcConfiguration.class]]
2018-06-14 10:56:59.190  INFO 18707 --- [           main] trationDelegate$BeanPostProcessorChecker : Bean 'org.springframework.transaction.annotation.ProxyTransactionManagementConfiguration' of type [org.springframework.transaction.annotation.ProxyTransactionManagementConfiguration$$EnhancerBySpringCGLIB$$82ecfc14] is not eligible for getting processed by all BeanPostProcessors (for example: not eligible for auto-proxying)
2018-06-14 10:57:00.612  INFO 18707 --- [           main] com.zaxxer.hikari.HikariDataSource       : HikariPool-1 - Starting...
2018-06-14 10:57:02.803  INFO 18707 --- [           main] com.zaxxer.hikari.HikariDataSource       : HikariPool-1 - Start completed.
2018-06-14 10:57:03.124  INFO 18707 --- [           main] j.LocalContainerEntityManagerFactoryBean : Building JPA container EntityManagerFactory for persistence unit 'default'
2018-06-14 10:57:03.554  INFO 18707 --- [           main] o.hibernate.jpa.internal.util.LogHelper  : HHH000204: Processing PersistenceUnitInfo [
	name: default
	...]
2018-06-14 10:57:05.029  INFO 18707 --- [           main] org.hibernate.Version                    : HHH000412: Hibernate Core {5.2.17.Final}
2018-06-14 10:57:05.042  INFO 18707 --- [           main] org.hibernate.cfg.Environment            : HHH000206: hibernate.properties not found
2018-06-14 10:57:05.287  INFO 18707 --- [           main] o.hibernate.annotations.common.Version   : HCANN000001: Hibernate Commons Annotations {5.0.1.Final}
2018-06-14 10:57:05.911  INFO 18707 --- [           main] org.hibernate.dialect.Dialect            : HHH000400: Using dialect: org.hibernate.dialect.MySQL5InnoDBDialect
2018-06-14 10:57:08.338  INFO 18707 --- [           main] j.LocalContainerEntityManagerFactoryBean : Initialized JPA EntityManagerFactory for persistence unit 'default'
2018-06-14 10:57:13.431  INFO 18707 --- [           main] o.s.s.web.DefaultSecurityFilterChain     : Creating filter chain: Ant [pattern='/resources/**'], []
2018-06-14 10:57:13.432  INFO 18707 --- [           main] o.s.s.web.DefaultSecurityFilterChain     : Creating filter chain: Ant [pattern='/static/**'], []
2018-06-14 10:57:13.433  INFO 18707 --- [           main] o.s.s.web.DefaultSecurityFilterChain     : Creating filter chain: Ant [pattern='/css/**'], []
2018-06-14 10:57:13.434  INFO 18707 --- [           main] o.s.s.web.DefaultSecurityFilterChain     : Creating filter chain: Ant [pattern='/js/**'], []
2018-06-14 10:57:13.443  INFO 18707 --- [           main] o.s.s.web.DefaultSecurityFilterChain     : Creating filter chain: Ant [pattern='/img/**'], []
2018-06-14 10:57:13.928  INFO 18707 --- [           main] o.s.s.web.DefaultSecurityFilterChain     : Creating filter chain: org.springframework.security.web.util.matcher.AnyRequestMatcher@1, [org.springframework.security.web.context.request.async.WebAsyncManagerIntegrationFilter@3ea75b05, org.springframework.security.web.context.SecurityContextPersistenceFilter@1bb96449, org.springframework.security.web.header.HeaderWriterFilter@3ac0a14b, org.springframework.security.web.authentication.logout.LogoutFilter@1b791dca, org.springframework.security.web.authentication.UsernamePasswordAuthenticationFilter@9c0d0bd, org.springframework.security.web.savedrequest.RequestCacheAwareFilter@d28c214, org.springframework.security.web.servletapi.SecurityContextHolderAwareRequestFilter@1d226f27, org.springframework.security.web.authentication.AnonymousAuthenticationFilter@30d5e37c, org.springframework.security.web.session.SessionManagementFilter@6f0a4e30, org.springframework.security.web.access.ExceptionTranslationFilter@b94703b, org.springframework.security.web.access.intercept.FilterSecurityInterceptor@153cfd86]
2018-06-14 10:57:15.061  INFO 18707 --- [           main] o.s.w.s.handler.SimpleUrlHandlerMapping  : Mapped URL path [/**/favicon.ico] onto handler of type [class org.springframework.web.servlet.resource.ResourceHttpRequestHandler]
2018-06-14 10:57:15.784  INFO 18707 --- [           main] s.w.s.m.m.a.RequestMappingHandlerAdapter : Looking for @ControllerAdvice: org.springframework.web.context.support.GenericWebApplicationContext@35b74c5c: startup date [Thu Jun 14 10:56:52 UTC 2018]; root of context hierarchy
2018-06-14 10:57:15.973  WARN 18707 --- [           main] aWebConfiguration$JpaWebMvcConfiguration : spring.jpa.open-in-view is enabled by default. Therefore, database queries may be performed during view rendering. Explicitly configure spring.jpa.open-in-view to disable this warning
2018-06-14 10:57:16.103  INFO 18707 --- [           main] s.w.s.m.m.a.RequestMappingHandlerMapping : Mapped "{[/contract/contracts],methods=[GET]}" onto public java.lang.String team.project.dairymanagementsystem.controller.ContractController.getAllContracts(org.springframework.ui.Model)
2018-06-14 10:57:16.110  INFO 18707 --- [           main] s.w.s.m.m.a.RequestMappingHandlerMapping : Mapped "{[/login],methods=[GET]}" onto public org.springframework.web.servlet.ModelAndView team.project.dairymanagementsystem.controller.DefaultController.loginPage(org.springframework.web.servlet.ModelAndView)
2018-06-14 10:57:16.113  INFO 18707 --- [           main] s.w.s.m.m.a.RequestMappingHandlerMapping : Mapped "{[/],methods=[GET]}" onto public org.springframework.web.servlet.ModelAndView team.project.dairymanagementsystem.controller.DefaultController.defaultHomePage(org.springframework.web.servlet.ModelAndView)
2018-06-14 10:57:16.116  INFO 18707 --- [           main] s.w.s.m.m.a.RequestMappingHandlerMapping : Mapped "{[/logout-success],methods=[GET]}" onto public java.lang.String team.project.dairymanagementsystem.controller.UserController.getLogoutPage(org.springframework.ui.Model)
2018-06-14 10:57:16.119  INFO 18707 --- [           main] s.w.s.m.m.a.RequestMappingHandlerMapping : Mapped "{[/editContracts],methods=[GET]}" onto public java.lang.String team.project.dairymanagementsystem.controller.UserController.ediContracts(org.springframework.ui.Model)
[...]
	at org.hibernate.exception.internal.StandardSQLExceptionConverter.convert(StandardSQLExceptionConverter.java:47) ~[hibernate-core-5.2.17.Final.jar:5.2.17.Final]
	at org.hibernate.engine.jdbc.spi.SqlExceptionHelper.convert(SqlExceptionHelper.java:111) ~[hibernate-core-5.2.17.Final.jar:5.2.17.Final]
	at org.hibernate.engine.jdbc.spi.SqlExceptionHelper.convert(SqlExceptionHelper.java:97) ~[hibernate-core-5.2.17.Final.jar:5.2.17.Final]
	at org.hibernate.engine.jdbc.internal.ResultSetReturnImpl.executeUpdate(ResultSetReturnImpl.java:178) ~[hibernate-core-5.2.17.Final.jar:5.2.17.Final]
	at org.hibernate.persister.entity.AbstractEntityPersister.insert(AbstractEntityPersister.java:3032) ~[hibernate-core-5.2.17.Final.jar:5.2.17.Final]
	at org.hibernate.persister.entity.AbstractEntityPersister.insert(AbstractEntityPersister.java:3547) ~[hibernate-core-5.2.17.Final.jar:5.2.17.Final]
	at org.hibernate.action.internal.EntityInsertAction.execute(EntityInsertAction.java:89) ~[hibernate-core-5.2.17.Final.jar:5.2.17.Final]
	at org.hibernate.engine.spi.ActionQueue.executeActions(ActionQueue.java:600) ~[hibernate-core-5.2.17.Final.jar:5.2.17.Final]
	at org.hibernate.engine.spi.ActionQueue.executeActions(ActionQueue.java:474) ~[hibernate-core-5.2.17.Final.jar:5.2.17.Final]
	at org.hibernate.event.internal.AbstractFlushingEventListener.performExecutions(AbstractFlushingEventListener.java:337) ~[hibernate-core-5.2.17.Final.jar:5.2.17.Final]
	at org.hibernate.event.internal.DefaultFlushEventListener.onFlush(DefaultFlushEventListener.java:39) ~[hibernate-core-5.2.17.Final.jar:5.2.17.Final]
	at org.hibernate.internal.SessionImpl.doFlush(SessionImpl.java:1437) ~[hibernate-core-5.2.17.Final.jar:5.2.17.Final]
	at org.hibernate.internal.SessionImpl.managedFlush(SessionImpl.java:494) ~[hibernate-core-5.2.17.Final.jar:5.2.17.Final]
	at org.hibernate.internal.SessionImpl.flushBeforeTransactionCompletion(SessionImpl.java:3245) ~[hibernate-core-5.2.17.Final.jar:5.2.17.Final]
	at org.hibernate.internal.SessionImpl.beforeTransactionCompletion(SessionImpl.java:2451) ~[hibernate-core-5.2.17.Final.jar:5.2.17.Final]
	at org.hibernate.engine.jdbc.internal.JdbcCoordinatorImpl.beforeTransactionCompletion(JdbcCoordinatorImpl.java:473) ~[hibernate-core-5.2.17.Final.jar:5.2.17.Final]
	at org.hibernate.resource.transaction.backend.jdbc.internal.JdbcResourceLocalTransactionCoordinatorImpl.beforeCompletionCallback(JdbcResourceLocalTransactionCoordinatorImpl.java:156) ~[hibernate-core-5.2.17.Final.jar:5.2.17.Final]
	at org.hibernate.resource.transaction.backend.jdbc.internal.JdbcResourceLocalTransactionCoordinatorImpl.access$100(JdbcResourceLocalTransactionCoordinatorImpl.java:38) ~[hibernate-core-5.2.17.Final.jar:5.2.17.Final]
	at org.hibernate.resource.transaction.backend.jdbc.internal.JdbcResourceLocalTransactionCoordinatorImpl$TransactionDriverControlImpl.commit(JdbcResourceLocalTransactionCoordinatorImpl.java:231) ~[hibernate-core-5.2.17.Final.jar:5.2.17.Final]
	at org.hibernate.engine.transaction.internal.TransactionImpl.commit(TransactionImpl.java:68) ~[hibernate-core-5.2.17.Final.jar:5.2.17.Final]
	at org.springframework.orm.jpa.JpaTransactionManager.doCommit(JpaTransactionManager.java:536) ~[spring-orm-5.0.6.RELEASE.jar:5.0.6.RELEASE]
	... 51 common frames omitted
Caused by: java.sql.SQLException: Field 'id' doesn't have a default value
	at com.mysql.jdbc.SQLError.createSQLException(SQLError.java:965) ~[mysql-connector-java-5.1.46.jar:5.1.46]
	at com.mysql.jdbc.MysqlIO.checkErrorPacket(MysqlIO.java:3976) ~[mysql-connector-java-5.1.46.jar:5.1.46]
	at com.mysql.jdbc.MysqlIO.checkErrorPacket(MysqlIO.java:3912) ~[mysql-connector-java-5.1.46.jar:5.1.46]
	at com.mysql.jdbc.MysqlIO.sendCommand(MysqlIO.java:2530) ~[mysql-connector-java-5.1.46.jar:5.1.46]
	at com.mysql.jdbc.MysqlIO.sqlQueryDirect(MysqlIO.java:2683) ~[mysql-connector-java-5.1.46.jar:5.1.46]
	at com.mysql.jdbc.ConnectionImpl.execSQL(ConnectionImpl.java:2486) ~[mysql-connector-java-5.1.46.jar:5.1.46]
	at com.mysql.jdbc.PreparedStatement.executeInternal(PreparedStatement.java:1858) ~[mysql-connector-java-5.1.46.jar:5.1.46]
	at com.mysql.jdbc.PreparedStatement.executeUpdateInternal(PreparedStatement.java:2079) ~[mysql-connector-java-5.1.46.jar:5.1.46]
	at com.mysql.jdbc.PreparedStatement.executeUpdateInternal(PreparedStatement.java:2013) ~[mysql-connector-java-5.1.46.jar:5.1.46]
	at com.mysql.jdbc.PreparedStatement.executeLargeUpdate(PreparedStatement.java:5104) ~[mysql-connector-java-5.1.46.jar:5.1.46]
	at com.mysql.jdbc.PreparedStatement.executeUpdate(PreparedStatement.java:1998) ~[mysql-connector-java-5.1.46.jar:5.1.46]
	at com.zaxxer.hikari.pool.ProxyPreparedStatement.executeUpdate(ProxyPreparedStatement.java:61) ~[HikariCP-2.7.9.jar:na]
	at com.zaxxer.hikari.pool.HikariProxyPreparedStatement.executeUpdate(HikariProxyPreparedStatement.java) ~[HikariCP-2.7.9.jar:na]
	at org.hibernate.engine.jdbc.internal.ResultSetReturnImpl.executeUpdate(ResultSetReturnImpl.java:175) ~[hibernate-core-5.2.17.Final.jar:5.2.17.Final]
	... 68 common frames omitted

2018-06-14 10:57:22.080  INFO 18707 --- [           main] o.s.w.c.s.GenericWebApplicationContext   : Closing org.springframework.web.context.support.GenericWebApplicationContext@35b74c5c: startup date [Thu Jun 14 10:56:52 UTC 2018]; root of context hierarchy
2018-06-14 10:57:22.124  INFO 18707 --- [           main] j.LocalContainerEntityManagerFactoryBean : Closing JPA EntityManagerFactory for persistence unit 'default'
2018-06-14 10:57:22.128  INFO 18707 --- [           main] com.zaxxer.hikari.HikariDataSource       : HikariPool-1 - Shutdown initiated...
2018-06-14 10:57:22.153  INFO 18707 --- [           main] com.zaxxer.hikari.HikariDataSource       : HikariPool-1 - Shutdown completed.
2018-06-14 10:57:22.157 ERROR 18707 --- [           main] o.s.test.context.TestContextManager      : Caught exception while allowing TestExecutionListener [org.springframework.test.context.web.ServletTestExecutionListener@4d1c00d0] to prepare test instance [team.project.dairymanagementsystem.DairymanagementsystemApplicationTests@68df8c6]

java.lang.IllegalStateException: Failed to load ApplicationContext
	at org.springframework.test.context.cache.DefaultCacheAwareContextLoaderDelegate.loadContext(DefaultCacheAwareContextLoaderDelegate.java:125) ~[spring-test-5.0.6.RELEASE.jar:5.0.6.RELEASE]
	at org.springframework.test.context.support.DefaultTestContext.getApplicationContext(DefaultTestContext.java:108) ~[spring-test-5.0.6.RELEASE.jar:5.0.6.RELEASE]
	at org.springframework.test.context.web.ServletTestExecutionListener.setUpRequestContextIfNecessary(ServletTestExecutionListener.java:190) ~[spring-test-5.0.6.RELEASE.jar:5.0.6.RELEASE]
	at org.springframework.test.context.web.ServletTestExecutionListener.prepareTestInstance(ServletTestExecutionListener.java:132) ~[spring-test-5.0.6.RELEASE.jar:5.0.6.RELEASE]
	at org.springframework.test.context.TestContextManager.prepareTestInstance(TestContextManager.java:246) ~[spring-test-5.0.6.RELEASE.jar:5.0.6.RELEASE]
	at org.springframework.test.context.junit4.SpringJUnit4ClassRunner.createTest(SpringJUnit4ClassRunner.java:227) [spring-test-5.0.6.RELEASE.jar:5.0.6.RELEASE]
	at org.springframework.test.context.junit4.SpringJUnit4ClassRunner$1.runReflectiveCall(SpringJUnit4ClassRunner.java:289) [spring-test-5.0.6.RELEASE.jar:5.0.6.RELEASE]
	at org.junit.internal.runners.model.ReflectiveCallable.run(ReflectiveCallable.java:12) [junit-4.12.jar:4.12]
	at org.springframework.test.context.junit4.SpringJUnit4ClassRunner.methodBlock(SpringJUnit4ClassRunner.java:291) [spring-test-5.0.6.RELEASE.jar:5.0.6.RELEASE]
	at org.springframework.test.context.junit4.SpringJUnit4ClassRunner.runChild(SpringJUnit4ClassRunner.java:246) [spring-test-5.0.6.RELEASE.jar:5.0.6.RELEASE]
	at org.springframework.test.context.junit4.SpringJUnit4ClassRunner.runChild(SpringJUnit4ClassRunner.java:97) [spring-test-5.0.6.RELEASE.jar:5.0.6.RELEASE]
	at org.junit.runners.ParentRunner$3.run(ParentRunner.java:290) [junit-4.12.jar:4.12]
	at org.junit.runners.ParentRunner$1.schedule(ParentRunner.java:71) [junit-4.12.jar:4.12]
	at org.junit.runners.ParentRunner.runChildren(ParentRunner.java:288) [junit-4.12.jar:4.12]
	at org.junit.runners.ParentRunner.access$000(ParentRunner.java:58) [junit-4.12.jar:4.12]
	at org.junit.runners.ParentRunner$2.evaluate(ParentRunner.java:268) [junit-4.12.jar:4.12]
	at org.springframework.test.context.junit4.statements.RunBeforeTestClassCallbacks.evaluate(RunBeforeTestClassCallbacks.java:61) [spring-test-5.0.6.RELEASE.jar:5.0.6.RELEASE]
	at org.springframework.test.context.junit4.statements.RunAfterTestClassCallbacks.evaluate(RunAfterTestClassCallbacks.java:70) [spring-test-5.0.6.RELEASE.jar:5.0.6.RELEASE]
	at org.junit.runners.ParentRunner.run(ParentRunner.java:363) [junit-4.12.jar:4.12]
	at org.springframework.test.context.junit4.SpringJUnit4ClassRunner.run(SpringJUnit4ClassRunner.java:190) [spring-test-5.0.6.RELEASE.jar:5.0.6.RELEASE]
	at org.apache.maven.surefire.junit4.JUnit4Provider.execute(JUnit4Provider.java:365) [surefire-junit4-2.21.0.jar:2.21.0]
	at org.apache.maven.surefire.junit4.JUnit4Provider.executeWithRerun(JUnit4Provider.java:273) [surefire-junit4-2.21.0.jar:2.21.0]
	at org.apache.maven.surefire.junit4.JUnit4Provider.executeTestSet(JUnit4Provider.java:238) [surefire-junit4-2.21.0.jar:2.21.0]
	at org.apache.maven.surefire.junit4.JUnit4Provider.invoke(JUnit4Provider.java:159) [surefire-junit4-2.21.0.jar:2.21.0]
	at org.apache.maven.surefire.booter.ForkedBooter.invokeProviderInSameClassLoader(ForkedBooter.java:379) [surefire-booter-2.21.0.jar:2.21.0]
	at org.apache.maven.surefire.booter.ForkedBooter.runSuitesInProcess(ForkedBooter.java:340) [surefire-booter-2.21.0.jar:2.21.0]
	at org.apache.maven.surefire.booter.ForkedBooter.execute(ForkedBooter.java:125) [surefire-booter-2.21.0.jar:2.21.0]
	at org.apache.maven.surefire.booter.ForkedBooter.main(ForkedBooter.java:413) [surefire-booter-2.21.0.jar:2.21.0]
Caused by: java.lang.IllegalStateException: Failed to execute CommandLineRunner
	at org.springframework.boot.SpringApplication.callRunner(SpringApplication.java:800) ~[spring-boot-2.0.2.RELEASE.jar:2.0.2.RELEASE]
	at org.springframework.boot.SpringApplication.callRunners(SpringApplication.java:781) ~[spring-boot-2.0.2.RELEASE.jar:2.0.2.RELEASE]
	at org.springframework.boot.SpringApplication.run(SpringApplication.java:335) ~[spring-boot-2.0.2.RELEASE.jar:2.0.2.RELEASE]
	at org.springframework.boot.test.context.SpringBootContextLoader.loadContext(SpringBootContextLoader.java:139) ~[spring-boot-test-2.0.2.RELEASE.jar:2.0.2.RELEASE]
	at org.springframework.test.context.cache.DefaultCacheAwareContextLoaderDelegate.loadContextInternal(DefaultCacheAwareContextLoaderDelegate.java:99) ~[spring-test-5.0.6.RELEASE.jar:5.0.6.RELEASE]
	at org.springframework.test.context.cache.DefaultCacheAwareContextLoaderDelegate.loadContext(DefaultCacheAwareContextLoaderDelegate.java:117) ~[spring-test-5.0.6.RELEASE.jar:5.0.6.RELEASE]
	... 27 common frames omitted
Caused by: org.springframework.orm.jpa.JpaSystemException: could not execute statement; nested exception is org.hibernate.exception.GenericJDBCException: could not execute statement
	at org.springframework.orm.jpa.vendor.HibernateJpaDialect.convertHibernateAccessException(HibernateJpaDialect.java:314) ~[spring-orm-5.0.6.RELEASE.jar:5.0.6.RELEASE]
	at org.springframework.orm.jpa.vendor.HibernateJpaDialect.translateExceptionIfPossible(HibernateJpaDialect.java:225) ~[spring-orm-5.0.6.RELEASE.jar:5.0.6.RELEASE]
	at org.springframework.orm.jpa.JpaTransactionManager.doCommit(JpaTransactionManager.java:540) ~[spring-orm-5.0.6.RELEASE.jar:5.0.6.RELEASE]
	at org.springframework.transaction.support.AbstractPlatformTransactionManager.processCommit(AbstractPlatformTransactionManager.java:746) ~[spring-tx-5.0.6.RELEASE.jar:5.0.6.RELEASE]
	at org.springframework.transaction.support.AbstractPlatformTransactionManager.commit(AbstractPlatformTransactionManager.java:714) ~[spring-tx-5.0.6.RELEASE.jar:5.0.6.RELEASE]
	at org.springframework.transaction.interceptor.TransactionAspectSupport.commitTransactionAfterReturning(TransactionAspectSupport.java:532) ~[spring-tx-5.0.6.RELEASE.jar:5.0.6.RELEASE]
	at org.springframework.transaction.interceptor.TransactionAspectSupport.invokeWithinTransaction(TransactionAspectSupport.java:304) ~[spring-tx-5.0.6.RELEASE.jar:5.0.6.RELEASE]
	at org.springframework.transaction.interceptor.TransactionInterceptor.invoke(TransactionInterceptor.java:98) ~[spring-tx-5.0.6.RELEASE.jar:5.0.6.RELEASE]
	at org.springframework.aop.framework.ReflectiveMethodInvocation.proceed(ReflectiveMethodInvocation.java:185) ~[spring-aop-5.0.6.RELEASE.jar:5.0.6.RELEASE]
	at org.springframework.dao.support.PersistenceExceptionTranslationInterceptor.invoke(PersistenceExceptionTranslationInterceptor.java:139) ~[spring-tx-5.0.6.RELEASE.jar:5.0.6.RELEASE]
	at org.springframework.aop.framework.ReflectiveMethodInvocation.proceed(ReflectiveMethodInvocation.java:185) ~[spring-aop-5.0.6.RELEASE.jar:5.0.6.RELEASE]
	at org.springframework.data.jpa.repository.support.CrudMethodMetadataPostProcessor$CrudMethodMetadataPopulatingMethodInterceptor.invoke(CrudMethodMetadataPostProcessor.java:135) ~[spring-data-jpa-2.0.7.RELEASE.jar:2.0.7.RELEASE]
	at org.springframework.aop.framework.ReflectiveMethodInvocation.proceed(ReflectiveMethodInvocation.java:185) ~[spring-aop-5.0.6.RELEASE.jar:5.0.6.RELEASE]
	at org.springframework.aop.interceptor.ExposeInvocationInterceptor.invoke(ExposeInvocationInterceptor.java:92) ~[spring-aop-5.0.6.RELEASE.jar:5.0.6.RELEASE]
	at org.springframework.aop.framework.ReflectiveMethodInvocation.proceed(ReflectiveMethodInvocation.java:185) ~[spring-aop-5.0.6.RELEASE.jar:5.0.6.RELEASE]
	at org.springframework.data.repository.core.support.SurroundingTransactionDetectorMethodInterceptor.invoke(SurroundingTransactionDetectorMethodInterceptor.java:61) ~[spring-data-commons-2.0.7.RELEASE.jar:2.0.7.RELEASE]
	at org.springframework.aop.framework.ReflectiveMethodInvocation.proceed(ReflectiveMethodInvocation.java:185) ~[spring-aop-5.0.6.RELEASE.jar:5.0.6.RELEASE]
	at org.springframework.aop.framework.JdkDynamicAopProxy.invoke(JdkDynamicAopProxy.java:212) ~[spring-aop-5.0.6.RELEASE.jar:5.0.6.RELEASE]
	at com.sun.proxy.$Proxy105.save(Unknown Source) ~[na:na]
	at team.project.dairymanagementsystem.service.DairyStaffService.addDairyStaff(DairyStaffService.java:24) ~[classes/:na]
	at team.project.dairymanagementsystem.DairymanagementsystemApplication.lambda$runner$0(DairymanagementsystemApplication.java:33) ~[classes/:na]
	at org.springframework.boot.SpringApplication.callRunner(SpringApplication.java:797) ~[spring-boot-2.0.2.RELEASE.jar:2.0.2.RELEASE]
	... 32 common frames omitted
Caused by: org.hibernate.exception.GenericJDBCException: could not execute statement
	at org.hibernate.exception.internal.StandardSQLExceptionConverter.convert(StandardSQLExceptionConverter.java:47) ~[hibernate-core-5.2.17.Final.jar:5.2.17.Final]
	at org.hibernate.engine.jdbc.spi.SqlExceptionHelper.convert(SqlExceptionHelper.java:111) ~[hibernate-core-5.2.17.Final.jar:5.2.17.Final]
	at org.hibernate.engine.jdbc.spi.SqlExceptionHelper.convert(SqlExceptionHelper.java:97) ~[hibernate-core-5.2.17.Final.jar:5.2.17.Final]
	at org.hibernate.engine.jdbc.internal.ResultSetReturnImpl.executeUpdate(ResultSetReturnImpl.java:178) ~[hibernate-core-5.2.17.Final.jar:5.2.17.Final]
	at org.hibernate.persister.entity.AbstractEntityPersister.insert(AbstractEntityPersister.java:3032) ~[hibernate-core-5.2.17.Final.jar:5.2.17.Final]
	at org.hibernate.persister.entity.AbstractEntityPersister.insert(AbstractEntityPersister.java:3547) ~[hibernate-core-5.2.17.Final.jar:5.2.17.Final]
	at org.hibernate.action.internal.EntityInsertAction.execute(EntityInsertAction.java:89) ~[hibernate-core-5.2.17.Final.jar:5.2.17.Final]
	at org.hibernate.engine.spi.ActionQueue.executeActions(ActionQueue.java:600) ~[hibernate-core-5.2.17.Final.jar:5.2.17.Final]
	at org.hibernate.engine.spi.ActionQueue.executeActions(ActionQueue.java:474) ~[hibernate-core-5.2.17.Final.jar:5.2.17.Final]
	at org.hibernate.event.internal.AbstractFlushingEventListener.performExecutions(AbstractFlushingEventListener.java:337) ~[hibernate-core-5.2.17.Final.jar:5.2.17.Final]
	at org.hibernate.event.internal.DefaultFlushEventListener.onFlush(DefaultFlushEventListener.java:39) ~[hibernate-core-5.2.17.Final.jar:5.2.17.Final]
	at org.hibernate.internal.SessionImpl.doFlush(SessionImpl.java:1437) ~[hibernate-core-5.2.17.Final.jar:5.2.17.Final]
	at org.hibernate.internal.SessionImpl.managedFlush(SessionImpl.java:494) ~[hibernate-core-5.2.17.Final.jar:5.2.17.Final]
	at org.hibernate.internal.SessionImpl.flushBeforeTransactionCompletion(SessionImpl.java:3245) ~[hibernate-core-5.2.17.Final.jar:5.2.17.Final]
	at org.hibernate.internal.SessionImpl.beforeTransactionCompletion(SessionImpl.java:2451) ~[hibernate-core-5.2.17.Final.jar:5.2.17.Final]
	at org.hibernate.engine.jdbc.internal.JdbcCoordinatorImpl.beforeTransactionCompletion(JdbcCoordinatorImpl.java:473) ~[hibernate-core-5.2.17.Final.jar:5.2.17.Final]
	at org.hibernate.resource.transaction.backend.jdbc.internal.JdbcResourceLocalTransactionCoordinatorImpl.beforeCompletionCallback(JdbcResourceLocalTransactionCoordinatorImpl.java:156) ~[hibernate-core-5.2.17.Final.jar:5.2.17.Final]
	at org.hibernate.resource.transaction.backend.jdbc.internal.JdbcResourceLocalTransactionCoordinatorImpl.access$100(JdbcResourceLocalTransactionCoordinatorImpl.java:38) ~[hibernate-core-5.2.17.Final.jar:5.2.17.Final]
	at org.hibernate.resource.transaction.backend.jdbc.internal.JdbcResourceLocalTransactionCoordinatorImpl$TransactionDriverControlImpl.commit(JdbcResourceLocalTransactionCoordinatorImpl.java:231) ~[hibernate-core-5.2.17.Final.jar:5.2.17.Final]
	at org.hibernate.engine.transaction.internal.TransactionImpl.commit(TransactionImpl.java:68) ~[hibernate-core-5.2.17.Final.jar:5.2.17.Final]
	at org.springframework.orm.jpa.JpaTransactionManager.doCommit(JpaTransactionManager.java:536) ~[spring-orm-5.0.6.RELEASE.jar:5.0.6.RELEASE]
	... 51 common frames omitted
Caused by: java.sql.SQLException: Field 'id' doesn't have a default value
	at com.mysql.jdbc.SQLError.createSQLException(SQLError.java:965) ~[mysql-connector-java-5.1.46.jar:5.1.46]
	at com.mysql.jdbc.MysqlIO.checkErrorPacket(MysqlIO.java:3976) ~[mysql-connector-java-5.1.46.jar:5.1.46]
	at com.mysql.jdbc.MysqlIO.checkErrorPacket(MysqlIO.java:3912) ~[mysql-connector-java-5.1.46.jar:5.1.46]
	at com.mysql.jdbc.MysqlIO.sendCommand(MysqlIO.java:2530) ~[mysql-connector-java-5.1.46.jar:5.1.46]
	at com.mysql.jdbc.MysqlIO.sqlQueryDirect(MysqlIO.java:2683) ~[mysql-connector-java-5.1.46.jar:5.1.46]
	at com.mysql.jdbc.ConnectionImpl.execSQL(ConnectionImpl.java:2486) ~[mysql-connector-java-5.1.46.jar:5.1.46]
	at com.mysql.jdbc.PreparedStatement.executeInternal(PreparedStatement.java:1858) ~[mysql-connector-java-5.1.46.jar:5.1.46]
	at com.mysql.jdbc.PreparedStatement.executeUpdateInternal(PreparedStatement.java:2079) ~[mysql-connector-java-5.1.46.jar:5.1.46]
	at com.mysql.jdbc.PreparedStatement.executeUpdateInternal(PreparedStatement.java:2013) ~[mysql-connector-java-5.1.46.jar:5.1.46]
	at com.mysql.jdbc.PreparedStatement.executeLargeUpdate(PreparedStatement.java:5104) ~[mysql-connector-java-5.1.46.jar:5.1.46]
	at com.mysql.jdbc.PreparedStatement.executeUpdate(PreparedStatement.java:1998) ~[mysql-connector-java-5.1.46.jar:5.1.46]
	at com.zaxxer.hikari.pool.ProxyPreparedStatement.executeUpdate(ProxyPreparedStatement.java:61) ~[HikariCP-2.7.9.jar:na]
	at com.zaxxer.hikari.pool.HikariProxyPreparedStatement.executeUpdate(HikariProxyPreparedStatement.java) ~[HikariCP-2.7.9.jar:na]
	at org.hibernate.engine.jdbc.internal.ResultSetReturnImpl.executeUpdate(ResultSetReturnImpl.java:175) ~[hibernate-core-5.2.17.Final.jar:5.2.17.Final]
	... 68 common frames omitted

]]></system-out>
  </testcase>
</testsuite>